CRITICAL - 2025-07-11 18:16:27 --> ErrorException: Undefined property: Config\CORS::$default
[Method: GET, Route: /]
in SYSTEMPATH\HTTP\Cors.php on line 72.
 1 SYSTEMPATH\HTTP\Cors.php(72): CodeIgniter\Debug\Exceptions->errorHandler(2, 'Undefined property: Config\\CORS::$default', 'C:\\xampp\\htdocs\\spanijaskailgliemezis_backend\\system\\HTTP\\Cors.php', 72)
 2 SYSTEMPATH\Filters\Cors.php(94): CodeIgniter\HTTP\Cors::factory()
 3 SYSTEMPATH\Filters\Cors.php(59): CodeIgniter\Filters\Cors->createCorsService(null)
 4 SYSTEMPATH\Filters\Filters.php(241): CodeIgniter\Filters\Cors->before(Object(CodeIgniter\HTTP\IncomingRequest), null)
 5 SYSTEMPATH\Filters\Filters.php(221): CodeIgniter\Filters\Filters->runBefore([...])
 6 SYSTEMPATH\CodeIgniter.php(479): CodeIgniter\Filters\Filters->run('', 'before')
 7 SYSTEMPATH\CodeIgniter.php(354): CodeIgniter\CodeIgniter->handleRequest(null, Object(Config\Cache), false)
 8 SYSTEMPATH\Boot.php(334): CodeIgniter\CodeIgniter->run()
 9 SYSTEMPATH\Boot.php(67): CodeIgniter\Boot::runCodeIgniter(Object(CodeIgniter\CodeIgniter))
10 FCPATH\index.php(59): CodeIgniter\Boot::bootWeb(Object(Config\Paths))
11 SYSTEMPATH\rewrite.php(44): require_once('C:\\xampp\\htdocs\\spanijaskailgliemezis_backend\\public\\index.php')
CRITICAL - 2025-07-11 18:21:31 --> ErrorException: Undefined property: Config\CORS::$default
[Method: GET, Route: /]
in SYSTEMPATH\HTTP\Cors.php on line 72.
 1 SYSTEMPATH\HTTP\Cors.php(72): CodeIgniter\Debug\Exceptions->errorHandler(2, 'Undefined property: Config\\CORS::$default', 'C:\\xampp\\htdocs\\spanijaskailgliemezis_backend\\system\\HTTP\\Cors.php', 72)
 2 SYSTEMPATH\Filters\Cors.php(94): CodeIgniter\HTTP\Cors::factory()
 3 SYSTEMPATH\Filters\Cors.php(59): CodeIgniter\Filters\Cors->createCorsService(null)
 4 SYSTEMPATH\Filters\Filters.php(241): CodeIgniter\Filters\Cors->before(Object(CodeIgniter\HTTP\IncomingRequest), null)
 5 SYSTEMPATH\Filters\Filters.php(221): CodeIgniter\Filters\Filters->runBefore([...])
 6 SYSTEMPATH\CodeIgniter.php(479): CodeIgniter\Filters\Filters->run('', 'before')
 7 SYSTEMPATH\CodeIgniter.php(354): CodeIgniter\CodeIgniter->handleRequest(null, Object(Config\Cache), false)
 8 SYSTEMPATH\Boot.php(334): CodeIgniter\CodeIgniter->run()
 9 SYSTEMPATH\Boot.php(67): CodeIgniter\Boot::runCodeIgniter(Object(CodeIgniter\CodeIgniter))
10 FCPATH\index.php(59): CodeIgniter\Boot::bootWeb(Object(Config\Paths))
11 SYSTEMPATH\rewrite.php(44): require_once('C:\\xampp\\htdocs\\spanijaskailgliemezis_backend\\public\\index.php')
CRITICAL - 2025-07-11 18:26:28 --> ErrorException: Undefined property: Config\CORS::$default
[Method: GET, Route: /]
in SYSTEMPATH\HTTP\Cors.php on line 72.
 1 SYSTEMPATH\HTTP\Cors.php(72): CodeIgniter\Debug\Exceptions->errorHandler(2, 'Undefined property: Config\\CORS::$default', 'C:\\xampp\\htdocs\\spanijaskailgliemezis_backend\\system\\HTTP\\Cors.php', 72)
 2 SYSTEMPATH\Filters\Cors.php(94): CodeIgniter\HTTP\Cors::factory()
 3 SYSTEMPATH\Filters\Cors.php(59): CodeIgniter\Filters\Cors->createCorsService(null)
 4 SYSTEMPATH\Filters\Filters.php(241): CodeIgniter\Filters\Cors->before(Object(CodeIgniter\HTTP\IncomingRequest), null)
 5 SYSTEMPATH\Filters\Filters.php(221): CodeIgniter\Filters\Filters->runBefore([...])
 6 SYSTEMPATH\CodeIgniter.php(479): CodeIgniter\Filters\Filters->run('', 'before')
 7 SYSTEMPATH\CodeIgniter.php(354): CodeIgniter\CodeIgniter->handleRequest(null, Object(Config\Cache), false)
 8 SYSTEMPATH\Boot.php(334): CodeIgniter\CodeIgniter->run()
 9 SYSTEMPATH\Boot.php(67): CodeIgniter\Boot::runCodeIgniter(Object(CodeIgniter\CodeIgniter))
10 FCPATH\index.php(59): CodeIgniter\Boot::bootWeb(Object(Config\Paths))
11 SYSTEMPATH\rewrite.php(44): require_once('C:\\xampp\\htdocs\\spanijaskailgliemezis_backend\\public\\index.php')
CRITICAL - 2025-07-11 18:30:00 --> ErrorException: Undefined property: Config\CORS::$default
[Method: GET, Route: /]
in SYSTEMPATH\HTTP\Cors.php on line 72.
 1 SYSTEMPATH\HTTP\Cors.php(72): CodeIgniter\Debug\Exceptions->errorHandler(2, 'Undefined property: Config\\CORS::$default', 'C:\\xampp\\htdocs\\spanijaskailgliemezis_backend\\system\\HTTP\\Cors.php', 72)
 2 SYSTEMPATH\Filters\Cors.php(94): CodeIgniter\HTTP\Cors::factory()
 3 SYSTEMPATH\Filters\Cors.php(59): CodeIgniter\Filters\Cors->createCorsService(null)
 4 SYSTEMPATH\Filters\Filters.php(241): CodeIgniter\Filters\Cors->before(Object(CodeIgniter\HTTP\IncomingRequest), null)
 5 SYSTEMPATH\Filters\Filters.php(221): CodeIgniter\Filters\Filters->runBefore([...])
 6 SYSTEMPATH\CodeIgniter.php(479): CodeIgniter\Filters\Filters->run('', 'before')
 7 SYSTEMPATH\CodeIgniter.php(354): CodeIgniter\CodeIgniter->handleRequest(null, Object(Config\Cache), false)
 8 SYSTEMPATH\Boot.php(334): CodeIgniter\CodeIgniter->run()
 9 SYSTEMPATH\Boot.php(67): CodeIgniter\Boot::runCodeIgniter(Object(CodeIgniter\CodeIgniter))
10 FCPATH\index.php(59): CodeIgniter\Boot::bootWeb(Object(Config\Paths))
11 SYSTEMPATH\rewrite.php(44): require_once('C:\\xampp\\htdocs\\spanijaskailgliemezis_backend\\public\\index.php')
CRITICAL - 2025-07-11 18:30:02 --> ErrorException: Undefined property: Config\CORS::$default
[Method: GET, Route: /]
in SYSTEMPATH\HTTP\Cors.php on line 72.
 1 SYSTEMPATH\HTTP\Cors.php(72): CodeIgniter\Debug\Exceptions->errorHandler(2, 'Undefined property: Config\\CORS::$default', 'C:\\xampp\\htdocs\\spanijaskailgliemezis_backend\\system\\HTTP\\Cors.php', 72)
 2 SYSTEMPATH\Filters\Cors.php(94): CodeIgniter\HTTP\Cors::factory()
 3 SYSTEMPATH\Filters\Cors.php(59): CodeIgniter\Filters\Cors->createCorsService(null)
 4 SYSTEMPATH\Filters\Filters.php(241): CodeIgniter\Filters\Cors->before(Object(CodeIgniter\HTTP\IncomingRequest), null)
 5 SYSTEMPATH\Filters\Filters.php(221): CodeIgniter\Filters\Filters->runBefore([...])
 6 SYSTEMPATH\CodeIgniter.php(479): CodeIgniter\Filters\Filters->run('', 'before')
 7 SYSTEMPATH\CodeIgniter.php(354): CodeIgniter\CodeIgniter->handleRequest(null, Object(Config\Cache), false)
 8 SYSTEMPATH\Boot.php(334): CodeIgniter\CodeIgniter->run()
 9 SYSTEMPATH\Boot.php(67): CodeIgniter\Boot::runCodeIgniter(Object(CodeIgniter\CodeIgniter))
10 FCPATH\index.php(59): CodeIgniter\Boot::bootWeb(Object(Config\Paths))
11 SYSTEMPATH\rewrite.php(44): require_once('C:\\xampp\\htdocs\\spanijaskailgliemezis_backend\\public\\index.php')
CRITICAL - 2025-07-11 18:34:22 --> ErrorException: Undefined property: Config\CORS::$default
[Method: GET, Route: /]
in SYSTEMPATH\HTTP\Cors.php on line 72.
 1 SYSTEMPATH\HTTP\Cors.php(72): CodeIgniter\Debug\Exceptions->errorHandler(2, 'Undefined property: Config\\CORS::$default', 'C:\\xampp\\htdocs\\spanijaskailgliemezis_backend\\system\\HTTP\\Cors.php', 72)
 2 SYSTEMPATH\Filters\Cors.php(94): CodeIgniter\HTTP\Cors::factory()
 3 SYSTEMPATH\Filters\Cors.php(59): CodeIgniter\Filters\Cors->createCorsService(null)
 4 SYSTEMPATH\Filters\Filters.php(241): CodeIgniter\Filters\Cors->before(Object(CodeIgniter\HTTP\IncomingRequest), null)
 5 SYSTEMPATH\Filters\Filters.php(221): CodeIgniter\Filters\Filters->runBefore([...])
 6 SYSTEMPATH\CodeIgniter.php(479): CodeIgniter\Filters\Filters->run('', 'before')
 7 SYSTEMPATH\CodeIgniter.php(354): CodeIgniter\CodeIgniter->handleRequest(null, Object(Config\Cache), false)
 8 SYSTEMPATH\Boot.php(334): CodeIgniter\CodeIgniter->run()
 9 SYSTEMPATH\Boot.php(67): CodeIgniter\Boot::runCodeIgniter(Object(CodeIgniter\CodeIgniter))
10 FCPATH\index.php(59): CodeIgniter\Boot::bootWeb(Object(Config\Paths))
11 SYSTEMPATH\rewrite.php(44): require_once('C:\\xampp\\htdocs\\spanijaskailgliemezis_backend\\public\\index.php')
CRITICAL - 2025-07-11 18:34:23 --> ErrorException: Undefined property: Config\CORS::$default
[Method: GET, Route: /]
in SYSTEMPATH\HTTP\Cors.php on line 72.
 1 SYSTEMPATH\HTTP\Cors.php(72): CodeIgniter\Debug\Exceptions->errorHandler(2, 'Undefined property: Config\\CORS::$default', 'C:\\xampp\\htdocs\\spanijaskailgliemezis_backend\\system\\HTTP\\Cors.php', 72)
 2 SYSTEMPATH\Filters\Cors.php(94): CodeIgniter\HTTP\Cors::factory()
 3 SYSTEMPATH\Filters\Cors.php(59): CodeIgniter\Filters\Cors->createCorsService(null)
 4 SYSTEMPATH\Filters\Filters.php(241): CodeIgniter\Filters\Cors->before(Object(CodeIgniter\HTTP\IncomingRequest), null)
 5 SYSTEMPATH\Filters\Filters.php(221): CodeIgniter\Filters\Filters->runBefore([...])
 6 SYSTEMPATH\CodeIgniter.php(479): CodeIgniter\Filters\Filters->run('', 'before')
 7 SYSTEMPATH\CodeIgniter.php(354): CodeIgniter\CodeIgniter->handleRequest(null, Object(Config\Cache), false)
 8 SYSTEMPATH\Boot.php(334): CodeIgniter\CodeIgniter->run()
 9 SYSTEMPATH\Boot.php(67): CodeIgniter\Boot::runCodeIgniter(Object(CodeIgniter\CodeIgniter))
10 FCPATH\index.php(59): CodeIgniter\Boot::bootWeb(Object(Config\Paths))
11 SYSTEMPATH\rewrite.php(44): require_once('C:\\xampp\\htdocs\\spanijaskailgliemezis_backend\\public\\index.php')
CRITICAL - 2025-07-11 18:40:53 --> ErrorException: Undefined property: Config\CORS::$default
[Method: GET, Route: /]
in SYSTEMPATH\HTTP\Cors.php on line 72.
 1 SYSTEMPATH\HTTP\Cors.php(72): CodeIgniter\Debug\Exceptions->errorHandler(2, 'Undefined property: Config\\CORS::$default', 'C:\\xampp\\htdocs\\spanijaskailgliemezis_backend\\system\\HTTP\\Cors.php', 72)
 2 SYSTEMPATH\Filters\Cors.php(94): CodeIgniter\HTTP\Cors::factory()
 3 SYSTEMPATH\Filters\Cors.php(59): CodeIgniter\Filters\Cors->createCorsService(null)
 4 SYSTEMPATH\Filters\Filters.php(241): CodeIgniter\Filters\Cors->before(Object(CodeIgniter\HTTP\IncomingRequest), null)
 5 SYSTEMPATH\Filters\Filters.php(221): CodeIgniter\Filters\Filters->runBefore([...])
 6 SYSTEMPATH\CodeIgniter.php(479): CodeIgniter\Filters\Filters->run('', 'before')
 7 SYSTEMPATH\CodeIgniter.php(354): CodeIgniter\CodeIgniter->handleRequest(null, Object(Config\Cache), false)
 8 SYSTEMPATH\Boot.php(334): CodeIgniter\CodeIgniter->run()
 9 SYSTEMPATH\Boot.php(67): CodeIgniter\Boot::runCodeIgniter(Object(CodeIgniter\CodeIgniter))
10 FCPATH\index.php(59): CodeIgniter\Boot::bootWeb(Object(Config\Paths))
11 SYSTEMPATH\rewrite.php(44): require_once('C:\\xampp\\htdocs\\spanijaskailgliemezis_backend\\public\\index.php')
CRITICAL - 2025-07-11 18:40:59 --> ErrorException: Undefined property: Config\CORS::$default
[Method: GET, Route: /]
in SYSTEMPATH\HTTP\Cors.php on line 72.
 1 SYSTEMPATH\HTTP\Cors.php(72): CodeIgniter\Debug\Exceptions->errorHandler(2, 'Undefined property: Config\\CORS::$default', 'C:\\xampp\\htdocs\\spanijaskailgliemezis_backend\\system\\HTTP\\Cors.php', 72)
 2 SYSTEMPATH\Filters\Cors.php(94): CodeIgniter\HTTP\Cors::factory()
 3 SYSTEMPATH\Filters\Cors.php(59): CodeIgniter\Filters\Cors->createCorsService(null)
 4 SYSTEMPATH\Filters\Filters.php(241): CodeIgniter\Filters\Cors->before(Object(CodeIgniter\HTTP\IncomingRequest), null)
 5 SYSTEMPATH\Filters\Filters.php(221): CodeIgniter\Filters\Filters->runBefore([...])
 6 SYSTEMPATH\CodeIgniter.php(479): CodeIgniter\Filters\Filters->run('', 'before')
 7 SYSTEMPATH\CodeIgniter.php(354): CodeIgniter\CodeIgniter->handleRequest(null, Object(Config\Cache), false)
 8 SYSTEMPATH\Boot.php(334): CodeIgniter\CodeIgniter->run()
 9 SYSTEMPATH\Boot.php(67): CodeIgniter\Boot::runCodeIgniter(Object(CodeIgniter\CodeIgniter))
10 FCPATH\index.php(59): CodeIgniter\Boot::bootWeb(Object(Config\Paths))
11 SYSTEMPATH\rewrite.php(44): require_once('C:\\xampp\\htdocs\\spanijaskailgliemezis_backend\\public\\index.php')
CRITICAL - 2025-07-11 18:49:45 --> ErrorException: Undefined property: Config\CORS::$default
[Method: GET, Route: /]
in SYSTEMPATH\HTTP\Cors.php on line 72.
 1 SYSTEMPATH\HTTP\Cors.php(72): CodeIgniter\Debug\Exceptions->errorHandler(2, 'Undefined property: Config\\CORS::$default', 'C:\\xampp\\htdocs\\spanijaskailgliemezis_backend\\system\\HTTP\\Cors.php', 72)
 2 SYSTEMPATH\Filters\Cors.php(94): CodeIgniter\HTTP\Cors::factory()
 3 SYSTEMPATH\Filters\Cors.php(59): CodeIgniter\Filters\Cors->createCorsService(null)
 4 SYSTEMPATH\Filters\Filters.php(241): CodeIgniter\Filters\Cors->before(Object(CodeIgniter\HTTP\IncomingRequest), null)
 5 SYSTEMPATH\Filters\Filters.php(221): CodeIgniter\Filters\Filters->runBefore([...])
 6 SYSTEMPATH\CodeIgniter.php(479): CodeIgniter\Filters\Filters->run('', 'before')
 7 SYSTEMPATH\CodeIgniter.php(354): CodeIgniter\CodeIgniter->handleRequest(null, Object(Config\Cache), false)
 8 SYSTEMPATH\Boot.php(334): CodeIgniter\CodeIgniter->run()
 9 SYSTEMPATH\Boot.php(67): CodeIgniter\Boot::runCodeIgniter(Object(CodeIgniter\CodeIgniter))
10 FCPATH\index.php(59): CodeIgniter\Boot::bootWeb(Object(Config\Paths))
11 SYSTEMPATH\rewrite.php(44): require_once('C:\\xampp\\htdocs\\spanijaskailgliemezis_backend\\public\\index.php')
CRITICAL - 2025-07-11 18:50:46 --> ErrorException: Undefined property: Config\CORS::$default
[Method: GET, Route: /]
in SYSTEMPATH\HTTP\Cors.php on line 72.
 1 SYSTEMPATH\HTTP\Cors.php(72): CodeIgniter\Debug\Exceptions->errorHandler(2, 'Undefined property: Config\\CORS::$default', 'C:\\xampp\\htdocs\\spanijaskailgliemezis_backend\\system\\HTTP\\Cors.php', 72)
 2 SYSTEMPATH\Filters\Cors.php(94): CodeIgniter\HTTP\Cors::factory()
 3 SYSTEMPATH\Filters\Cors.php(59): CodeIgniter\Filters\Cors->createCorsService(null)
 4 SYSTEMPATH\Filters\Filters.php(241): CodeIgniter\Filters\Cors->before(Object(CodeIgniter\HTTP\IncomingRequest), null)
 5 SYSTEMPATH\Filters\Filters.php(221): CodeIgniter\Filters\Filters->runBefore([...])
 6 SYSTEMPATH\CodeIgniter.php(479): CodeIgniter\Filters\Filters->run('', 'before')
 7 SYSTEMPATH\CodeIgniter.php(354): CodeIgniter\CodeIgniter->handleRequest(null, Object(Config\Cache), false)
 8 SYSTEMPATH\Boot.php(334): CodeIgniter\CodeIgniter->run()
 9 SYSTEMPATH\Boot.php(67): CodeIgniter\Boot::runCodeIgniter(Object(CodeIgniter\CodeIgniter))
10 FCPATH\index.php(59): CodeIgniter\Boot::bootWeb(Object(Config\Paths))
11 SYSTEMPATH\rewrite.php(44): require_once('C:\\xampp\\htdocs\\spanijaskailgliemezis_backend\\public\\index.php')
CRITICAL - 2025-07-11 18:50:47 --> ErrorException: Undefined property: Config\CORS::$default
[Method: GET, Route: /]
in SYSTEMPATH\HTTP\Cors.php on line 72.
 1 SYSTEMPATH\HTTP\Cors.php(72): CodeIgniter\Debug\Exceptions->errorHandler(2, 'Undefined property: Config\\CORS::$default', 'C:\\xampp\\htdocs\\spanijaskailgliemezis_backend\\system\\HTTP\\Cors.php', 72)
 2 SYSTEMPATH\Filters\Cors.php(94): CodeIgniter\HTTP\Cors::factory()
 3 SYSTEMPATH\Filters\Cors.php(59): CodeIgniter\Filters\Cors->createCorsService(null)
 4 SYSTEMPATH\Filters\Filters.php(241): CodeIgniter\Filters\Cors->before(Object(CodeIgniter\HTTP\IncomingRequest), null)
 5 SYSTEMPATH\Filters\Filters.php(221): CodeIgniter\Filters\Filters->runBefore([...])
 6 SYSTEMPATH\CodeIgniter.php(479): CodeIgniter\Filters\Filters->run('', 'before')
 7 SYSTEMPATH\CodeIgniter.php(354): CodeIgniter\CodeIgniter->handleRequest(null, Object(Config\Cache), false)
 8 SYSTEMPATH\Boot.php(334): CodeIgniter\CodeIgniter->run()
 9 SYSTEMPATH\Boot.php(67): CodeIgniter\Boot::runCodeIgniter(Object(CodeIgniter\CodeIgniter))
10 FCPATH\index.php(59): CodeIgniter\Boot::bootWeb(Object(Config\Paths))
11 SYSTEMPATH\rewrite.php(44): require_once('C:\\xampp\\htdocs\\spanijaskailgliemezis_backend\\public\\index.php')
CRITICAL - 2025-07-11 18:50:48 --> ErrorException: Undefined property: Config\CORS::$default
[Method: GET, Route: /]
in SYSTEMPATH\HTTP\Cors.php on line 72.
 1 SYSTEMPATH\HTTP\Cors.php(72): CodeIgniter\Debug\Exceptions->errorHandler(2, 'Undefined property: Config\\CORS::$default', 'C:\\xampp\\htdocs\\spanijaskailgliemezis_backend\\system\\HTTP\\Cors.php', 72)
 2 SYSTEMPATH\Filters\Cors.php(94): CodeIgniter\HTTP\Cors::factory()
 3 SYSTEMPATH\Filters\Cors.php(59): CodeIgniter\Filters\Cors->createCorsService(null)
 4 SYSTEMPATH\Filters\Filters.php(241): CodeIgniter\Filters\Cors->before(Object(CodeIgniter\HTTP\IncomingRequest), null)
 5 SYSTEMPATH\Filters\Filters.php(221): CodeIgniter\Filters\Filters->runBefore([...])
 6 SYSTEMPATH\CodeIgniter.php(479): CodeIgniter\Filters\Filters->run('', 'before')
 7 SYSTEMPATH\CodeIgniter.php(354): CodeIgniter\CodeIgniter->handleRequest(null, Object(Config\Cache), false)
 8 SYSTEMPATH\Boot.php(334): CodeIgniter\CodeIgniter->run()
 9 SYSTEMPATH\Boot.php(67): CodeIgniter\Boot::runCodeIgniter(Object(CodeIgniter\CodeIgniter))
10 FCPATH\index.php(59): CodeIgniter\Boot::bootWeb(Object(Config\Paths))
11 SYSTEMPATH\rewrite.php(44): require_once('C:\\xampp\\htdocs\\spanijaskailgliemezis_backend\\public\\index.php')
ERROR - 2025-07-11 19:00:14 --> Error connecting to the database: mysqli_sql_exception: Unknown database 'spanijaskailgliemezis.lv' in C:\xampp\htdocs\spanijaskailgliemezis_backend\system\Database\MySQLi\Connection.php:202
Stack trace:
#0 C:\xampp\htdocs\spanijaskailgliemezis_backend\system\Database\MySQLi\Connection.php(202): mysqli->real_connect('localhost', 'root', '', 'spanijaskailgli...', 3306, '', 0)
#1 C:\xampp\htdocs\spanijaskailgliemezis_backend\system\Database\BaseConnection.php(421): CodeIgniter\Database\MySQLi\Connection->connect(false)
#2 C:\xampp\htdocs\spanijaskailgliemezis_backend\system\Database\BaseConnection.php(620): CodeIgniter\Database\BaseConnection->initialize()
#3 C:\xampp\htdocs\spanijaskailgliemezis_backend\system\Database\BaseBuilder.php(1649): CodeIgniter\Database\BaseConnection->query('SELECT *\nFROM `...', Array, false)
#4 C:\xampp\htdocs\spanijaskailgliemezis_backend\system\Model.php(286): CodeIgniter\Database\BaseBuilder->get()
#5 C:\xampp\htdocs\spanijaskailgliemezis_backend\system\BaseModel.php(679): CodeIgniter\Model->doFindAll(0, 0)
#6 C:\xampp\htdocs\spanijaskailgliemezis_backend\app\Controllers\Api\Author.php(18): CodeIgniter\BaseModel->findAll()
#7 C:\xampp\htdocs\spanijaskailgliemezis_backend\system\CodeIgniter.php(933): App\Controllers\Api\Author->index()
#8 C:\xampp\htdocs\spanijaskailgliemezis_backend\system\CodeIgniter.php(507): CodeIgniter\CodeIgniter->runController(Object(App\Controllers\Api\Author))
#9 C:\xampp\htdocs\spanijaskailgliemezis_backend\system\CodeIgniter.php(354): CodeIgniter\CodeIgniter->handleRequest(NULL, Object(Config\Cache), false)
#10 C:\xampp\htdocs\spanijaskailgliemezis_backend\system\Boot.php(334): CodeIgniter\CodeIgniter->run()
#11 C:\xampp\htdocs\spanijaskailgliemezis_backend\system\Boot.php(67): CodeIgniter\Boot::runCodeIgniter(Object(CodeIgniter\CodeIgniter))
#12 C:\xampp\htdocs\spanijaskailgliemezis_backend\public\index.php(59): CodeIgniter\Boot::bootWeb(Object(Config\Paths))
#13 C:\xampp\htdocs\spanijaskailgliemezis_backend\system\rewrite.php(44): require_once('C:\\xampp\\htdocs...')
#14 {main}

Next CodeIgniter\Database\Exceptions\DatabaseException: Unknown database 'spanijaskailgliemezis.lv' in C:\xampp\htdocs\spanijaskailgliemezis_backend\system\Database\MySQLi\Connection.php:246
Stack trace:
#0 C:\xampp\htdocs\spanijaskailgliemezis_backend\system\Database\BaseConnection.php(421): CodeIgniter\Database\MySQLi\Connection->connect(false)
#1 C:\xampp\htdocs\spanijaskailgliemezis_backend\system\Database\BaseConnection.php(620): CodeIgniter\Database\BaseConnection->initialize()
#2 C:\xampp\htdocs\spanijaskailgliemezis_backend\system\Database\BaseBuilder.php(1649): CodeIgniter\Database\BaseConnection->query('SELECT *\nFROM `...', Array, false)
#3 C:\xampp\htdocs\spanijaskailgliemezis_backend\system\Model.php(286): CodeIgniter\Database\BaseBuilder->get()
#4 C:\xampp\htdocs\spanijaskailgliemezis_backend\system\BaseModel.php(679): CodeIgniter\Model->doFindAll(0, 0)
#5 C:\xampp\htdocs\spanijaskailgliemezis_backend\app\Controllers\Api\Author.php(18): CodeIgniter\BaseModel->findAll()
#6 C:\xampp\htdocs\spanijaskailgliemezis_backend\system\CodeIgniter.php(933): App\Controllers\Api\Author->index()
#7 C:\xampp\htdocs\spanijaskailgliemezis_backend\system\CodeIgniter.php(507): CodeIgniter\CodeIgniter->runController(Object(App\Controllers\Api\Author))
#8 C:\xampp\htdocs\spanijaskailgliemezis_backend\system\CodeIgniter.php(354): CodeIgniter\CodeIgniter->handleRequest(NULL, Object(Config\Cache), false)
#9 C:\xampp\htdocs\spanijaskailgliemezis_backend\system\Boot.php(334): CodeIgniter\CodeIgniter->run()
#10 C:\xampp\htdocs\spanijaskailgliemezis_backend\system\Boot.php(67): CodeIgniter\Boot::runCodeIgniter(Object(CodeIgniter\CodeIgniter))
#11 C:\xampp\htdocs\spanijaskailgliemezis_backend\public\index.php(59): CodeIgniter\Boot::bootWeb(Object(Config\Paths))
#12 C:\xampp\htdocs\spanijaskailgliemezis_backend\system\rewrite.php(44): require_once('C:\\xampp\\htdocs...')
#13 {main}
CRITICAL - 2025-07-11 19:00:14 --> CodeIgniter\Database\Exceptions\DatabaseException: Unable to connect to the database.
Main connection [MySQLi]: Unknown database 'spanijaskailgliemezis.lv'
[Method: GET, Route: api/authors]
in SYSTEMPATH\Database\BaseConnection.php on line 467.
 1 SYSTEMPATH\Database\BaseConnection.php(620): CodeIgniter\Database\BaseConnection->initialize()
 2 SYSTEMPATH\Database\BaseBuilder.php(1649): CodeIgniter\Database\BaseConnection->query('SELECT *
FROM `authors`', [], false)
 3 SYSTEMPATH\Model.php(286): CodeIgniter\Database\BaseBuilder->get()
 4 SYSTEMPATH\BaseModel.php(679): CodeIgniter\Model->doFindAll(0, 0)
 5 APPPATH\Controllers\Api\Author.php(18): CodeIgniter\BaseModel->findAll()
 6 SYSTEMPATH\CodeIgniter.php(933): App\Controllers\Api\Author->index()
 7 SYSTEMPATH\CodeIgniter.php(507): CodeIgniter\CodeIgniter->runController(Object(App\Controllers\Api\Author))
 8 SYSTEMPATH\CodeIgniter.php(354): CodeIgniter\CodeIgniter->handleRequest(null, Object(Config\Cache), false)
 9 SYSTEMPATH\Boot.php(334): CodeIgniter\CodeIgniter->run()
10 SYSTEMPATH\Boot.php(67): CodeIgniter\Boot::runCodeIgniter(Object(CodeIgniter\CodeIgniter))
11 FCPATH\index.php(59): CodeIgniter\Boot::bootWeb(Object(Config\Paths))
12 SYSTEMPATH\rewrite.php(44): require_once('C:\\xampp\\htdocs\\spanijaskailgliemezis_backend\\public\\index.php')
CRITICAL - 2025-07-11 19:33:10 --> ErrorException: Undefined property: Config\CORS::$default
[Method: GET, Route: api/authors]
in SYSTEMPATH\HTTP\Cors.php on line 72.
 1 SYSTEMPATH\HTTP\Cors.php(72): CodeIgniter\Debug\Exceptions->errorHandler(2, 'Undefined property: Config\\CORS::$default', 'C:\\xampp\\htdocs\\spanijaskailgliemezis_backend\\system\\HTTP\\Cors.php', 72)
 2 SYSTEMPATH\Filters\Cors.php(94): CodeIgniter\HTTP\Cors::factory()
 3 SYSTEMPATH\Filters\Cors.php(59): CodeIgniter\Filters\Cors->createCorsService(null)
 4 SYSTEMPATH\Filters\Filters.php(241): CodeIgniter\Filters\Cors->before(Object(CodeIgniter\HTTP\IncomingRequest), null)
 5 SYSTEMPATH\Filters\Filters.php(221): CodeIgniter\Filters\Filters->runBefore([...])
 6 SYSTEMPATH\CodeIgniter.php(479): CodeIgniter\Filters\Filters->run('api/authors', 'before')
 7 SYSTEMPATH\CodeIgniter.php(354): CodeIgniter\CodeIgniter->handleRequest(null, Object(Config\Cache), false)
 8 SYSTEMPATH\Boot.php(334): CodeIgniter\CodeIgniter->run()
 9 SYSTEMPATH\Boot.php(67): CodeIgniter\Boot::runCodeIgniter(Object(CodeIgniter\CodeIgniter))
10 FCPATH\index.php(59): CodeIgniter\Boot::bootWeb(Object(Config\Paths))
11 SYSTEMPATH\rewrite.php(44): require_once('C:\\xampp\\htdocs\\spanijaskailgliemezis_backend\\public\\index.php')
CRITICAL - 2025-07-11 19:33:10 --> ErrorException: Undefined property: Config\CORS::$default
[Method: GET, Route: api/authors]
in SYSTEMPATH\HTTP\Cors.php on line 72.
 1 SYSTEMPATH\HTTP\Cors.php(72): CodeIgniter\Debug\Exceptions->errorHandler(2, 'Undefined property: Config\\CORS::$default', 'C:\\xampp\\htdocs\\spanijaskailgliemezis_backend\\system\\HTTP\\Cors.php', 72)
 2 SYSTEMPATH\Filters\Cors.php(94): CodeIgniter\HTTP\Cors::factory()
 3 SYSTEMPATH\Filters\Cors.php(59): CodeIgniter\Filters\Cors->createCorsService(null)
 4 SYSTEMPATH\Filters\Filters.php(241): CodeIgniter\Filters\Cors->before(Object(CodeIgniter\HTTP\IncomingRequest), null)
 5 SYSTEMPATH\Filters\Filters.php(221): CodeIgniter\Filters\Filters->runBefore([...])
 6 SYSTEMPATH\CodeIgniter.php(479): CodeIgniter\Filters\Filters->run('api/authors', 'before')
 7 SYSTEMPATH\CodeIgniter.php(354): CodeIgniter\CodeIgniter->handleRequest(null, Object(Config\Cache), false)
 8 SYSTEMPATH\Boot.php(334): CodeIgniter\CodeIgniter->run()
 9 SYSTEMPATH\Boot.php(67): CodeIgniter\Boot::runCodeIgniter(Object(CodeIgniter\CodeIgniter))
10 FCPATH\index.php(59): CodeIgniter\Boot::bootWeb(Object(Config\Paths))
11 SYSTEMPATH\rewrite.php(44): require_once('C:\\xampp\\htdocs\\spanijaskailgliemezis_backend\\public\\index.php')
CRITICAL - 2025-07-11 19:33:53 --> ErrorException: Undefined property: Config\CORS::$default
[Method: GET, Route: api/authors]
in SYSTEMPATH\HTTP\Cors.php on line 72.
 1 SYSTEMPATH\HTTP\Cors.php(72): CodeIgniter\Debug\Exceptions->errorHandler(2, 'Undefined property: Config\\CORS::$default', 'C:\\xampp\\htdocs\\spanijaskailgliemezis_backend\\system\\HTTP\\Cors.php', 72)
 2 SYSTEMPATH\Filters\Cors.php(94): CodeIgniter\HTTP\Cors::factory()
 3 SYSTEMPATH\Filters\Cors.php(59): CodeIgniter\Filters\Cors->createCorsService(null)
 4 SYSTEMPATH\Filters\Filters.php(241): CodeIgniter\Filters\Cors->before(Object(CodeIgniter\HTTP\IncomingRequest), null)
 5 SYSTEMPATH\Filters\Filters.php(221): CodeIgniter\Filters\Filters->runBefore([...])
 6 SYSTEMPATH\CodeIgniter.php(479): CodeIgniter\Filters\Filters->run('api/authors', 'before')
 7 SYSTEMPATH\CodeIgniter.php(354): CodeIgniter\CodeIgniter->handleRequest(null, Object(Config\Cache), false)
 8 SYSTEMPATH\Boot.php(334): CodeIgniter\CodeIgniter->run()
 9 SYSTEMPATH\Boot.php(67): CodeIgniter\Boot::runCodeIgniter(Object(CodeIgniter\CodeIgniter))
10 FCPATH\index.php(59): CodeIgniter\Boot::bootWeb(Object(Config\Paths))
11 SYSTEMPATH\rewrite.php(44): require_once('C:\\xampp\\htdocs\\spanijaskailgliemezis_backend\\public\\index.php')
CRITICAL - 2025-07-11 19:33:53 --> ErrorException: Undefined property: Config\CORS::$default
[Method: GET, Route: api/authors]
in SYSTEMPATH\HTTP\Cors.php on line 72.
 1 SYSTEMPATH\HTTP\Cors.php(72): CodeIgniter\Debug\Exceptions->errorHandler(2, 'Undefined property: Config\\CORS::$default', 'C:\\xampp\\htdocs\\spanijaskailgliemezis_backend\\system\\HTTP\\Cors.php', 72)
 2 SYSTEMPATH\Filters\Cors.php(94): CodeIgniter\HTTP\Cors::factory()
 3 SYSTEMPATH\Filters\Cors.php(59): CodeIgniter\Filters\Cors->createCorsService(null)
 4 SYSTEMPATH\Filters\Filters.php(241): CodeIgniter\Filters\Cors->before(Object(CodeIgniter\HTTP\IncomingRequest), null)
 5 SYSTEMPATH\Filters\Filters.php(221): CodeIgniter\Filters\Filters->runBefore([...])
 6 SYSTEMPATH\CodeIgniter.php(479): CodeIgniter\Filters\Filters->run('api/authors', 'before')
 7 SYSTEMPATH\CodeIgniter.php(354): CodeIgniter\CodeIgniter->handleRequest(null, Object(Config\Cache), false)
 8 SYSTEMPATH\Boot.php(334): CodeIgniter\CodeIgniter->run()
 9 SYSTEMPATH\Boot.php(67): CodeIgniter\Boot::runCodeIgniter(Object(CodeIgniter\CodeIgniter))
10 FCPATH\index.php(59): CodeIgniter\Boot::bootWeb(Object(Config\Paths))
11 SYSTEMPATH\rewrite.php(44): require_once('C:\\xampp\\htdocs\\spanijaskailgliemezis_backend\\public\\index.php')
CRITICAL - 2025-07-11 19:34:58 --> ErrorException: Undefined property: Config\CORS::$default
[Method: GET, Route: api/authors]
in SYSTEMPATH\HTTP\Cors.php on line 72.
 1 SYSTEMPATH\HTTP\Cors.php(72): CodeIgniter\Debug\Exceptions->errorHandler(2, 'Undefined property: Config\\CORS::$default', 'C:\\xampp\\htdocs\\spanijaskailgliemezis_backend\\system\\HTTP\\Cors.php', 72)
 2 SYSTEMPATH\Filters\Cors.php(94): CodeIgniter\HTTP\Cors::factory()
 3 SYSTEMPATH\Filters\Cors.php(59): CodeIgniter\Filters\Cors->createCorsService(null)
 4 SYSTEMPATH\Filters\Filters.php(241): CodeIgniter\Filters\Cors->before(Object(CodeIgniter\HTTP\IncomingRequest), null)
 5 SYSTEMPATH\Filters\Filters.php(221): CodeIgniter\Filters\Filters->runBefore([...])
 6 SYSTEMPATH\CodeIgniter.php(479): CodeIgniter\Filters\Filters->run('api/authors', 'before')
 7 SYSTEMPATH\CodeIgniter.php(354): CodeIgniter\CodeIgniter->handleRequest(null, Object(Config\Cache), false)
 8 SYSTEMPATH\Boot.php(334): CodeIgniter\CodeIgniter->run()
 9 SYSTEMPATH\Boot.php(67): CodeIgniter\Boot::runCodeIgniter(Object(CodeIgniter\CodeIgniter))
10 FCPATH\index.php(59): CodeIgniter\Boot::bootWeb(Object(Config\Paths))
11 SYSTEMPATH\rewrite.php(44): require_once('C:\\xampp\\htdocs\\spanijaskailgliemezis_backend\\public\\index.php')
CRITICAL - 2025-07-11 19:34:58 --> ErrorException: Undefined property: Config\CORS::$default
[Method: GET, Route: api/authors]
in SYSTEMPATH\HTTP\Cors.php on line 72.
 1 SYSTEMPATH\HTTP\Cors.php(72): CodeIgniter\Debug\Exceptions->errorHandler(2, 'Undefined property: Config\\CORS::$default', 'C:\\xampp\\htdocs\\spanijaskailgliemezis_backend\\system\\HTTP\\Cors.php', 72)
 2 SYSTEMPATH\Filters\Cors.php(94): CodeIgniter\HTTP\Cors::factory()
 3 SYSTEMPATH\Filters\Cors.php(59): CodeIgniter\Filters\Cors->createCorsService(null)
 4 SYSTEMPATH\Filters\Filters.php(241): CodeIgniter\Filters\Cors->before(Object(CodeIgniter\HTTP\IncomingRequest), null)
 5 SYSTEMPATH\Filters\Filters.php(221): CodeIgniter\Filters\Filters->runBefore([...])
 6 SYSTEMPATH\CodeIgniter.php(479): CodeIgniter\Filters\Filters->run('api/authors', 'before')
 7 SYSTEMPATH\CodeIgniter.php(354): CodeIgniter\CodeIgniter->handleRequest(null, Object(Config\Cache), false)
 8 SYSTEMPATH\Boot.php(334): CodeIgniter\CodeIgniter->run()
 9 SYSTEMPATH\Boot.php(67): CodeIgniter\Boot::runCodeIgniter(Object(CodeIgniter\CodeIgniter))
10 FCPATH\index.php(59): CodeIgniter\Boot::bootWeb(Object(Config\Paths))
11 SYSTEMPATH\rewrite.php(44): require_once('C:\\xampp\\htdocs\\spanijaskailgliemezis_backend\\public\\index.php')
CRITICAL - 2025-07-11 19:35:44 --> ErrorException: Undefined property: Config\CORS::$default
[Method: GET, Route: api/authors]
in SYSTEMPATH\HTTP\Cors.php on line 72.
 1 SYSTEMPATH\HTTP\Cors.php(72): CodeIgniter\Debug\Exceptions->errorHandler(2, 'Undefined property: Config\\CORS::$default', 'C:\\xampp\\htdocs\\spanijaskailgliemezis_backend\\system\\HTTP\\Cors.php', 72)
 2 SYSTEMPATH\Filters\Cors.php(94): CodeIgniter\HTTP\Cors::factory()
 3 SYSTEMPATH\Filters\Cors.php(59): CodeIgniter\Filters\Cors->createCorsService(null)
 4 SYSTEMPATH\Filters\Filters.php(241): CodeIgniter\Filters\Cors->before(Object(CodeIgniter\HTTP\IncomingRequest), null)
 5 SYSTEMPATH\Filters\Filters.php(221): CodeIgniter\Filters\Filters->runBefore([...])
 6 SYSTEMPATH\CodeIgniter.php(479): CodeIgniter\Filters\Filters->run('api/authors', 'before')
 7 SYSTEMPATH\CodeIgniter.php(354): CodeIgniter\CodeIgniter->handleRequest(null, Object(Config\Cache), false)
 8 SYSTEMPATH\Boot.php(334): CodeIgniter\CodeIgniter->run()
 9 SYSTEMPATH\Boot.php(67): CodeIgniter\Boot::runCodeIgniter(Object(CodeIgniter\CodeIgniter))
10 FCPATH\index.php(59): CodeIgniter\Boot::bootWeb(Object(Config\Paths))
11 SYSTEMPATH\rewrite.php(44): require_once('C:\\xampp\\htdocs\\spanijaskailgliemezis_backend\\public\\index.php')
CRITICAL - 2025-07-11 19:35:44 --> ErrorException: Undefined property: Config\CORS::$default
[Method: GET, Route: api/authors]
in SYSTEMPATH\HTTP\Cors.php on line 72.
 1 SYSTEMPATH\HTTP\Cors.php(72): CodeIgniter\Debug\Exceptions->errorHandler(2, 'Undefined property: Config\\CORS::$default', 'C:\\xampp\\htdocs\\spanijaskailgliemezis_backend\\system\\HTTP\\Cors.php', 72)
 2 SYSTEMPATH\Filters\Cors.php(94): CodeIgniter\HTTP\Cors::factory()
 3 SYSTEMPATH\Filters\Cors.php(59): CodeIgniter\Filters\Cors->createCorsService(null)
 4 SYSTEMPATH\Filters\Filters.php(241): CodeIgniter\Filters\Cors->before(Object(CodeIgniter\HTTP\IncomingRequest), null)
 5 SYSTEMPATH\Filters\Filters.php(221): CodeIgniter\Filters\Filters->runBefore([...])
 6 SYSTEMPATH\CodeIgniter.php(479): CodeIgniter\Filters\Filters->run('api/authors', 'before')
 7 SYSTEMPATH\CodeIgniter.php(354): CodeIgniter\CodeIgniter->handleRequest(null, Object(Config\Cache), false)
 8 SYSTEMPATH\Boot.php(334): CodeIgniter\CodeIgniter->run()
 9 SYSTEMPATH\Boot.php(67): CodeIgniter\Boot::runCodeIgniter(Object(CodeIgniter\CodeIgniter))
10 FCPATH\index.php(59): CodeIgniter\Boot::bootWeb(Object(Config\Paths))
11 SYSTEMPATH\rewrite.php(44): require_once('C:\\xampp\\htdocs\\spanijaskailgliemezis_backend\\public\\index.php')
CRITICAL - 2025-07-11 19:35:46 --> ErrorException: Undefined property: Config\CORS::$default
[Method: GET, Route: api/authors]
in SYSTEMPATH\HTTP\Cors.php on line 72.
 1 SYSTEMPATH\HTTP\Cors.php(72): CodeIgniter\Debug\Exceptions->errorHandler(2, 'Undefined property: Config\\CORS::$default', 'C:\\xampp\\htdocs\\spanijaskailgliemezis_backend\\system\\HTTP\\Cors.php', 72)
 2 SYSTEMPATH\Filters\Cors.php(94): CodeIgniter\HTTP\Cors::factory()
 3 SYSTEMPATH\Filters\Cors.php(59): CodeIgniter\Filters\Cors->createCorsService(null)
 4 SYSTEMPATH\Filters\Filters.php(241): CodeIgniter\Filters\Cors->before(Object(CodeIgniter\HTTP\IncomingRequest), null)
 5 SYSTEMPATH\Filters\Filters.php(221): CodeIgniter\Filters\Filters->runBefore([...])
 6 SYSTEMPATH\CodeIgniter.php(479): CodeIgniter\Filters\Filters->run('api/authors', 'before')
 7 SYSTEMPATH\CodeIgniter.php(354): CodeIgniter\CodeIgniter->handleRequest(null, Object(Config\Cache), false)
 8 SYSTEMPATH\Boot.php(334): CodeIgniter\CodeIgniter->run()
 9 SYSTEMPATH\Boot.php(67): CodeIgniter\Boot::runCodeIgniter(Object(CodeIgniter\CodeIgniter))
10 FCPATH\index.php(59): CodeIgniter\Boot::bootWeb(Object(Config\Paths))
11 SYSTEMPATH\rewrite.php(44): require_once('C:\\xampp\\htdocs\\spanijaskailgliemezis_backend\\public\\index.php')
CRITICAL - 2025-07-11 19:35:46 --> ErrorException: Undefined property: Config\CORS::$default
[Method: GET, Route: api/authors]
in SYSTEMPATH\HTTP\Cors.php on line 72.
 1 SYSTEMPATH\HTTP\Cors.php(72): CodeIgniter\Debug\Exceptions->errorHandler(2, 'Undefined property: Config\\CORS::$default', 'C:\\xampp\\htdocs\\spanijaskailgliemezis_backend\\system\\HTTP\\Cors.php', 72)
 2 SYSTEMPATH\Filters\Cors.php(94): CodeIgniter\HTTP\Cors::factory()
 3 SYSTEMPATH\Filters\Cors.php(59): CodeIgniter\Filters\Cors->createCorsService(null)
 4 SYSTEMPATH\Filters\Filters.php(241): CodeIgniter\Filters\Cors->before(Object(CodeIgniter\HTTP\IncomingRequest), null)
 5 SYSTEMPATH\Filters\Filters.php(221): CodeIgniter\Filters\Filters->runBefore([...])
 6 SYSTEMPATH\CodeIgniter.php(479): CodeIgniter\Filters\Filters->run('api/authors', 'before')
 7 SYSTEMPATH\CodeIgniter.php(354): CodeIgniter\CodeIgniter->handleRequest(null, Object(Config\Cache), false)
 8 SYSTEMPATH\Boot.php(334): CodeIgniter\CodeIgniter->run()
 9 SYSTEMPATH\Boot.php(67): CodeIgniter\Boot::runCodeIgniter(Object(CodeIgniter\CodeIgniter))
10 FCPATH\index.php(59): CodeIgniter\Boot::bootWeb(Object(Config\Paths))
11 SYSTEMPATH\rewrite.php(44): require_once('C:\\xampp\\htdocs\\spanijaskailgliemezis_backend\\public\\index.php')
CRITICAL - 2025-07-11 19:36:01 --> ErrorException: Undefined property: Config\CORS::$default
[Method: GET, Route: api/authors]
in SYSTEMPATH\HTTP\Cors.php on line 72.
 1 SYSTEMPATH\HTTP\Cors.php(72): CodeIgniter\Debug\Exceptions->errorHandler(2, 'Undefined property: Config\\CORS::$default', 'C:\\xampp\\htdocs\\spanijaskailgliemezis_backend\\system\\HTTP\\Cors.php', 72)
 2 SYSTEMPATH\Filters\Cors.php(94): CodeIgniter\HTTP\Cors::factory()
 3 SYSTEMPATH\Filters\Cors.php(59): CodeIgniter\Filters\Cors->createCorsService(null)
 4 SYSTEMPATH\Filters\Filters.php(241): CodeIgniter\Filters\Cors->before(Object(CodeIgniter\HTTP\IncomingRequest), null)
 5 SYSTEMPATH\Filters\Filters.php(221): CodeIgniter\Filters\Filters->runBefore([...])
 6 SYSTEMPATH\CodeIgniter.php(479): CodeIgniter\Filters\Filters->run('api/authors', 'before')
 7 SYSTEMPATH\CodeIgniter.php(354): CodeIgniter\CodeIgniter->handleRequest(null, Object(Config\Cache), false)
 8 SYSTEMPATH\Boot.php(334): CodeIgniter\CodeIgniter->run()
 9 SYSTEMPATH\Boot.php(67): CodeIgniter\Boot::runCodeIgniter(Object(CodeIgniter\CodeIgniter))
10 FCPATH\index.php(59): CodeIgniter\Boot::bootWeb(Object(Config\Paths))
11 SYSTEMPATH\rewrite.php(44): require_once('C:\\xampp\\htdocs\\spanijaskailgliemezis_backend\\public\\index.php')
CRITICAL - 2025-07-11 19:36:01 --> ErrorException: Undefined property: Config\CORS::$default
[Method: GET, Route: api/authors]
in SYSTEMPATH\HTTP\Cors.php on line 72.
 1 SYSTEMPATH\HTTP\Cors.php(72): CodeIgniter\Debug\Exceptions->errorHandler(2, 'Undefined property: Config\\CORS::$default', 'C:\\xampp\\htdocs\\spanijaskailgliemezis_backend\\system\\HTTP\\Cors.php', 72)
 2 SYSTEMPATH\Filters\Cors.php(94): CodeIgniter\HTTP\Cors::factory()
 3 SYSTEMPATH\Filters\Cors.php(59): CodeIgniter\Filters\Cors->createCorsService(null)
 4 SYSTEMPATH\Filters\Filters.php(241): CodeIgniter\Filters\Cors->before(Object(CodeIgniter\HTTP\IncomingRequest), null)
 5 SYSTEMPATH\Filters\Filters.php(221): CodeIgniter\Filters\Filters->runBefore([...])
 6 SYSTEMPATH\CodeIgniter.php(479): CodeIgniter\Filters\Filters->run('api/authors', 'before')
 7 SYSTEMPATH\CodeIgniter.php(354): CodeIgniter\CodeIgniter->handleRequest(null, Object(Config\Cache), false)
 8 SYSTEMPATH\Boot.php(334): CodeIgniter\CodeIgniter->run()
 9 SYSTEMPATH\Boot.php(67): CodeIgniter\Boot::runCodeIgniter(Object(CodeIgniter\CodeIgniter))
10 FCPATH\index.php(59): CodeIgniter\Boot::bootWeb(Object(Config\Paths))
11 SYSTEMPATH\rewrite.php(44): require_once('C:\\xampp\\htdocs\\spanijaskailgliemezis_backend\\public\\index.php')
WARNING - 2025-07-11 19:40:21 --> [DEPRECATED] Setting lowercase HTTP method key "get" is deprecated. Use uppercase HTTP method like "GET". in SYSTEMPATH\Filters\Filters.php on line 747.
 1 SYSTEMPATH\Filters\Filters.php(747): trigger_error('Setting lowercase HTTP method key "get" is deprecated. Use uppercase HTTP method like "GET".', 16384)
 2 SYSTEMPATH\Filters\Filters.php(475): CodeIgniter\Filters\Filters->processMethods()
 3 SYSTEMPATH\Filters\Filters.php(218): CodeIgniter\Filters\Filters->initialize('api/authors')
 4 SYSTEMPATH\CodeIgniter.php(479): CodeIgniter\Filters\Filters->run('api/authors', 'before')
 5 SYSTEMPATH\CodeIgniter.php(354): CodeIgniter\CodeIgniter->handleRequest(null, Object(Config\Cache), false)
 6 SYSTEMPATH\Boot.php(334): CodeIgniter\CodeIgniter->run()
 7 SYSTEMPATH\Boot.php(67): CodeIgniter\Boot::runCodeIgniter(Object(CodeIgniter\CodeIgniter))
 8 FCPATH\index.php(59): CodeIgniter\Boot::bootWeb(Object(Config\Paths))
 9 SYSTEMPATH\rewrite.php(44): require_once('C:\\xampp\\htdocs\\spanijaskailgliemezis_backend\\public\\index.php')
CRITICAL - 2025-07-11 19:40:21 --> ErrorException: Undefined property: Config\CORS::$default
[Method: GET, Route: api/authors]
in SYSTEMPATH\HTTP\Cors.php on line 72.
 1 SYSTEMPATH\HTTP\Cors.php(72): CodeIgniter\Debug\Exceptions->errorHandler(2, 'Undefined property: Config\\CORS::$default', 'C:\\xampp\\htdocs\\spanijaskailgliemezis_backend\\system\\HTTP\\Cors.php', 72)
 2 SYSTEMPATH\Filters\Cors.php(94): CodeIgniter\HTTP\Cors::factory()
 3 SYSTEMPATH\Filters\Cors.php(59): CodeIgniter\Filters\Cors->createCorsService(null)
 4 SYSTEMPATH\Filters\Filters.php(241): CodeIgniter\Filters\Cors->before(Object(CodeIgniter\HTTP\IncomingRequest), null)
 5 SYSTEMPATH\Filters\Filters.php(221): CodeIgniter\Filters\Filters->runBefore([...])
 6 SYSTEMPATH\CodeIgniter.php(479): CodeIgniter\Filters\Filters->run('api/authors', 'before')
 7 SYSTEMPATH\CodeIgniter.php(354): CodeIgniter\CodeIgniter->handleRequest(null, Object(Config\Cache), false)
 8 SYSTEMPATH\Boot.php(334): CodeIgniter\CodeIgniter->run()
 9 SYSTEMPATH\Boot.php(67): CodeIgniter\Boot::runCodeIgniter(Object(CodeIgniter\CodeIgniter))
10 FCPATH\index.php(59): CodeIgniter\Boot::bootWeb(Object(Config\Paths))
11 SYSTEMPATH\rewrite.php(44): require_once('C:\\xampp\\htdocs\\spanijaskailgliemezis_backend\\public\\index.php')
WARNING - 2025-07-11 19:40:21 --> [DEPRECATED] Setting lowercase HTTP method key "get" is deprecated. Use uppercase HTTP method like "GET". in SYSTEMPATH\Filters\Filters.php on line 747.
 1 SYSTEMPATH\Filters\Filters.php(747): trigger_error('Setting lowercase HTTP method key "get" is deprecated. Use uppercase HTTP method like "GET".', 16384)
 2 SYSTEMPATH\Filters\Filters.php(475): CodeIgniter\Filters\Filters->processMethods()
 3 SYSTEMPATH\Filters\Filters.php(218): CodeIgniter\Filters\Filters->initialize('api/authors')
 4 SYSTEMPATH\CodeIgniter.php(479): CodeIgniter\Filters\Filters->run('api/authors', 'before')
 5 SYSTEMPATH\CodeIgniter.php(354): CodeIgniter\CodeIgniter->handleRequest(null, Object(Config\Cache), false)
 6 SYSTEMPATH\Boot.php(334): CodeIgniter\CodeIgniter->run()
 7 SYSTEMPATH\Boot.php(67): CodeIgniter\Boot::runCodeIgniter(Object(CodeIgniter\CodeIgniter))
 8 FCPATH\index.php(59): CodeIgniter\Boot::bootWeb(Object(Config\Paths))
 9 SYSTEMPATH\rewrite.php(44): require_once('C:\\xampp\\htdocs\\spanijaskailgliemezis_backend\\public\\index.php')
CRITICAL - 2025-07-11 19:40:21 --> ErrorException: Undefined property: Config\CORS::$default
[Method: GET, Route: api/authors]
in SYSTEMPATH\HTTP\Cors.php on line 72.
 1 SYSTEMPATH\HTTP\Cors.php(72): CodeIgniter\Debug\Exceptions->errorHandler(2, 'Undefined property: Config\\CORS::$default', 'C:\\xampp\\htdocs\\spanijaskailgliemezis_backend\\system\\HTTP\\Cors.php', 72)
 2 SYSTEMPATH\Filters\Cors.php(94): CodeIgniter\HTTP\Cors::factory()
 3 SYSTEMPATH\Filters\Cors.php(59): CodeIgniter\Filters\Cors->createCorsService(null)
 4 SYSTEMPATH\Filters\Filters.php(241): CodeIgniter\Filters\Cors->before(Object(CodeIgniter\HTTP\IncomingRequest), null)
 5 SYSTEMPATH\Filters\Filters.php(221): CodeIgniter\Filters\Filters->runBefore([...])
 6 SYSTEMPATH\CodeIgniter.php(479): CodeIgniter\Filters\Filters->run('api/authors', 'before')
 7 SYSTEMPATH\CodeIgniter.php(354): CodeIgniter\CodeIgniter->handleRequest(null, Object(Config\Cache), false)
 8 SYSTEMPATH\Boot.php(334): CodeIgniter\CodeIgniter->run()
 9 SYSTEMPATH\Boot.php(67): CodeIgniter\Boot::runCodeIgniter(Object(CodeIgniter\CodeIgniter))
10 FCPATH\index.php(59): CodeIgniter\Boot::bootWeb(Object(Config\Paths))
11 SYSTEMPATH\rewrite.php(44): require_once('C:\\xampp\\htdocs\\spanijaskailgliemezis_backend\\public\\index.php')
WARNING - 2025-07-11 19:40:38 --> [DEPRECATED] Setting lowercase HTTP method key "get" is deprecated. Use uppercase HTTP method like "GET". in SYSTEMPATH\Filters\Filters.php on line 747.
 1 SYSTEMPATH\Filters\Filters.php(747): trigger_error('Setting lowercase HTTP method key "get" is deprecated. Use uppercase HTTP method like "GET".', 16384)
 2 SYSTEMPATH\Filters\Filters.php(475): CodeIgniter\Filters\Filters->processMethods()
 3 SYSTEMPATH\Filters\Filters.php(218): CodeIgniter\Filters\Filters->initialize('api/authors')
 4 SYSTEMPATH\CodeIgniter.php(479): CodeIgniter\Filters\Filters->run('api/authors', 'before')
 5 SYSTEMPATH\CodeIgniter.php(354): CodeIgniter\CodeIgniter->handleRequest(null, Object(Config\Cache), false)
 6 SYSTEMPATH\Boot.php(334): CodeIgniter\CodeIgniter->run()
 7 SYSTEMPATH\Boot.php(67): CodeIgniter\Boot::runCodeIgniter(Object(CodeIgniter\CodeIgniter))
 8 FCPATH\index.php(59): CodeIgniter\Boot::bootWeb(Object(Config\Paths))
 9 SYSTEMPATH\rewrite.php(44): require_once('C:\\xampp\\htdocs\\spanijaskailgliemezis_backend\\public\\index.php')
CRITICAL - 2025-07-11 19:40:38 --> ErrorException: Undefined property: Config\CORS::$default
[Method: GET, Route: api/authors]
in SYSTEMPATH\HTTP\Cors.php on line 72.
 1 SYSTEMPATH\HTTP\Cors.php(72): CodeIgniter\Debug\Exceptions->errorHandler(2, 'Undefined property: Config\\CORS::$default', 'C:\\xampp\\htdocs\\spanijaskailgliemezis_backend\\system\\HTTP\\Cors.php', 72)
 2 SYSTEMPATH\Filters\Cors.php(94): CodeIgniter\HTTP\Cors::factory()
 3 SYSTEMPATH\Filters\Cors.php(59): CodeIgniter\Filters\Cors->createCorsService(null)
 4 SYSTEMPATH\Filters\Filters.php(241): CodeIgniter\Filters\Cors->before(Object(CodeIgniter\HTTP\IncomingRequest), null)
 5 SYSTEMPATH\Filters\Filters.php(221): CodeIgniter\Filters\Filters->runBefore([...])
 6 SYSTEMPATH\CodeIgniter.php(479): CodeIgniter\Filters\Filters->run('api/authors', 'before')
 7 SYSTEMPATH\CodeIgniter.php(354): CodeIgniter\CodeIgniter->handleRequest(null, Object(Config\Cache), false)
 8 SYSTEMPATH\Boot.php(334): CodeIgniter\CodeIgniter->run()
 9 SYSTEMPATH\Boot.php(67): CodeIgniter\Boot::runCodeIgniter(Object(CodeIgniter\CodeIgniter))
10 FCPATH\index.php(59): CodeIgniter\Boot::bootWeb(Object(Config\Paths))
11 SYSTEMPATH\rewrite.php(44): require_once('C:\\xampp\\htdocs\\spanijaskailgliemezis_backend\\public\\index.php')
WARNING - 2025-07-11 19:40:38 --> [DEPRECATED] Setting lowercase HTTP method key "get" is deprecated. Use uppercase HTTP method like "GET". in SYSTEMPATH\Filters\Filters.php on line 747.
 1 SYSTEMPATH\Filters\Filters.php(747): trigger_error('Setting lowercase HTTP method key "get" is deprecated. Use uppercase HTTP method like "GET".', 16384)
 2 SYSTEMPATH\Filters\Filters.php(475): CodeIgniter\Filters\Filters->processMethods()
 3 SYSTEMPATH\Filters\Filters.php(218): CodeIgniter\Filters\Filters->initialize('api/authors')
 4 SYSTEMPATH\CodeIgniter.php(479): CodeIgniter\Filters\Filters->run('api/authors', 'before')
 5 SYSTEMPATH\CodeIgniter.php(354): CodeIgniter\CodeIgniter->handleRequest(null, Object(Config\Cache), false)
 6 SYSTEMPATH\Boot.php(334): CodeIgniter\CodeIgniter->run()
 7 SYSTEMPATH\Boot.php(67): CodeIgniter\Boot::runCodeIgniter(Object(CodeIgniter\CodeIgniter))
 8 FCPATH\index.php(59): CodeIgniter\Boot::bootWeb(Object(Config\Paths))
 9 SYSTEMPATH\rewrite.php(44): require_once('C:\\xampp\\htdocs\\spanijaskailgliemezis_backend\\public\\index.php')
CRITICAL - 2025-07-11 19:40:38 --> ErrorException: Undefined property: Config\CORS::$default
[Method: GET, Route: api/authors]
in SYSTEMPATH\HTTP\Cors.php on line 72.
 1 SYSTEMPATH\HTTP\Cors.php(72): CodeIgniter\Debug\Exceptions->errorHandler(2, 'Undefined property: Config\\CORS::$default', 'C:\\xampp\\htdocs\\spanijaskailgliemezis_backend\\system\\HTTP\\Cors.php', 72)
 2 SYSTEMPATH\Filters\Cors.php(94): CodeIgniter\HTTP\Cors::factory()
 3 SYSTEMPATH\Filters\Cors.php(59): CodeIgniter\Filters\Cors->createCorsService(null)
 4 SYSTEMPATH\Filters\Filters.php(241): CodeIgniter\Filters\Cors->before(Object(CodeIgniter\HTTP\IncomingRequest), null)
 5 SYSTEMPATH\Filters\Filters.php(221): CodeIgniter\Filters\Filters->runBefore([...])
 6 SYSTEMPATH\CodeIgniter.php(479): CodeIgniter\Filters\Filters->run('api/authors', 'before')
 7 SYSTEMPATH\CodeIgniter.php(354): CodeIgniter\CodeIgniter->handleRequest(null, Object(Config\Cache), false)
 8 SYSTEMPATH\Boot.php(334): CodeIgniter\CodeIgniter->run()
 9 SYSTEMPATH\Boot.php(67): CodeIgniter\Boot::runCodeIgniter(Object(CodeIgniter\CodeIgniter))
10 FCPATH\index.php(59): CodeIgniter\Boot::bootWeb(Object(Config\Paths))
11 SYSTEMPATH\rewrite.php(44): require_once('C:\\xampp\\htdocs\\spanijaskailgliemezis_backend\\public\\index.php')
WARNING - 2025-07-11 19:40:40 --> [DEPRECATED] Setting lowercase HTTP method key "get" is deprecated. Use uppercase HTTP method like "GET". in SYSTEMPATH\Filters\Filters.php on line 747.
 1 SYSTEMPATH\Filters\Filters.php(747): trigger_error('Setting lowercase HTTP method key "get" is deprecated. Use uppercase HTTP method like "GET".', 16384)
 2 SYSTEMPATH\Filters\Filters.php(475): CodeIgniter\Filters\Filters->processMethods()
 3 SYSTEMPATH\Filters\Filters.php(218): CodeIgniter\Filters\Filters->initialize('api/authors')
 4 SYSTEMPATH\CodeIgniter.php(479): CodeIgniter\Filters\Filters->run('api/authors', 'before')
 5 SYSTEMPATH\CodeIgniter.php(354): CodeIgniter\CodeIgniter->handleRequest(null, Object(Config\Cache), false)
 6 SYSTEMPATH\Boot.php(334): CodeIgniter\CodeIgniter->run()
 7 SYSTEMPATH\Boot.php(67): CodeIgniter\Boot::runCodeIgniter(Object(CodeIgniter\CodeIgniter))
 8 FCPATH\index.php(59): CodeIgniter\Boot::bootWeb(Object(Config\Paths))
 9 SYSTEMPATH\rewrite.php(44): require_once('C:\\xampp\\htdocs\\spanijaskailgliemezis_backend\\public\\index.php')
CRITICAL - 2025-07-11 19:40:40 --> ErrorException: Undefined property: Config\CORS::$default
[Method: GET, Route: api/authors]
in SYSTEMPATH\HTTP\Cors.php on line 72.
 1 SYSTEMPATH\HTTP\Cors.php(72): CodeIgniter\Debug\Exceptions->errorHandler(2, 'Undefined property: Config\\CORS::$default', 'C:\\xampp\\htdocs\\spanijaskailgliemezis_backend\\system\\HTTP\\Cors.php', 72)
 2 SYSTEMPATH\Filters\Cors.php(94): CodeIgniter\HTTP\Cors::factory()
 3 SYSTEMPATH\Filters\Cors.php(59): CodeIgniter\Filters\Cors->createCorsService(null)
 4 SYSTEMPATH\Filters\Filters.php(241): CodeIgniter\Filters\Cors->before(Object(CodeIgniter\HTTP\IncomingRequest), null)
 5 SYSTEMPATH\Filters\Filters.php(221): CodeIgniter\Filters\Filters->runBefore([...])
 6 SYSTEMPATH\CodeIgniter.php(479): CodeIgniter\Filters\Filters->run('api/authors', 'before')
 7 SYSTEMPATH\CodeIgniter.php(354): CodeIgniter\CodeIgniter->handleRequest(null, Object(Config\Cache), false)
 8 SYSTEMPATH\Boot.php(334): CodeIgniter\CodeIgniter->run()
 9 SYSTEMPATH\Boot.php(67): CodeIgniter\Boot::runCodeIgniter(Object(CodeIgniter\CodeIgniter))
10 FCPATH\index.php(59): CodeIgniter\Boot::bootWeb(Object(Config\Paths))
11 SYSTEMPATH\rewrite.php(44): require_once('C:\\xampp\\htdocs\\spanijaskailgliemezis_backend\\public\\index.php')
WARNING - 2025-07-11 19:40:40 --> [DEPRECATED] Setting lowercase HTTP method key "get" is deprecated. Use uppercase HTTP method like "GET". in SYSTEMPATH\Filters\Filters.php on line 747.
 1 SYSTEMPATH\Filters\Filters.php(747): trigger_error('Setting lowercase HTTP method key "get" is deprecated. Use uppercase HTTP method like "GET".', 16384)
 2 SYSTEMPATH\Filters\Filters.php(475): CodeIgniter\Filters\Filters->processMethods()
 3 SYSTEMPATH\Filters\Filters.php(218): CodeIgniter\Filters\Filters->initialize('api/authors')
 4 SYSTEMPATH\CodeIgniter.php(479): CodeIgniter\Filters\Filters->run('api/authors', 'before')
 5 SYSTEMPATH\CodeIgniter.php(354): CodeIgniter\CodeIgniter->handleRequest(null, Object(Config\Cache), false)
 6 SYSTEMPATH\Boot.php(334): CodeIgniter\CodeIgniter->run()
 7 SYSTEMPATH\Boot.php(67): CodeIgniter\Boot::runCodeIgniter(Object(CodeIgniter\CodeIgniter))
 8 FCPATH\index.php(59): CodeIgniter\Boot::bootWeb(Object(Config\Paths))
 9 SYSTEMPATH\rewrite.php(44): require_once('C:\\xampp\\htdocs\\spanijaskailgliemezis_backend\\public\\index.php')
CRITICAL - 2025-07-11 19:40:40 --> ErrorException: Undefined property: Config\CORS::$default
[Method: GET, Route: api/authors]
in SYSTEMPATH\HTTP\Cors.php on line 72.
 1 SYSTEMPATH\HTTP\Cors.php(72): CodeIgniter\Debug\Exceptions->errorHandler(2, 'Undefined property: Config\\CORS::$default', 'C:\\xampp\\htdocs\\spanijaskailgliemezis_backend\\system\\HTTP\\Cors.php', 72)
 2 SYSTEMPATH\Filters\Cors.php(94): CodeIgniter\HTTP\Cors::factory()
 3 SYSTEMPATH\Filters\Cors.php(59): CodeIgniter\Filters\Cors->createCorsService(null)
 4 SYSTEMPATH\Filters\Filters.php(241): CodeIgniter\Filters\Cors->before(Object(CodeIgniter\HTTP\IncomingRequest), null)
 5 SYSTEMPATH\Filters\Filters.php(221): CodeIgniter\Filters\Filters->runBefore([...])
 6 SYSTEMPATH\CodeIgniter.php(479): CodeIgniter\Filters\Filters->run('api/authors', 'before')
 7 SYSTEMPATH\CodeIgniter.php(354): CodeIgniter\CodeIgniter->handleRequest(null, Object(Config\Cache), false)
 8 SYSTEMPATH\Boot.php(334): CodeIgniter\CodeIgniter->run()
 9 SYSTEMPATH\Boot.php(67): CodeIgniter\Boot::runCodeIgniter(Object(CodeIgniter\CodeIgniter))
10 FCPATH\index.php(59): CodeIgniter\Boot::bootWeb(Object(Config\Paths))
11 SYSTEMPATH\rewrite.php(44): require_once('C:\\xampp\\htdocs\\spanijaskailgliemezis_backend\\public\\index.php')
WARNING - 2025-07-11 19:43:29 --> [DEPRECATED] Setting lowercase HTTP method key "get" is deprecated. Use uppercase HTTP method like "GET". in SYSTEMPATH\Filters\Filters.php on line 747.
 1 SYSTEMPATH\Filters\Filters.php(747): trigger_error('Setting lowercase HTTP method key "get" is deprecated. Use uppercase HTTP method like "GET".', 16384)
 2 SYSTEMPATH\Filters\Filters.php(475): CodeIgniter\Filters\Filters->processMethods()
 3 SYSTEMPATH\Filters\Filters.php(218): CodeIgniter\Filters\Filters->initialize('api/authors')
 4 SYSTEMPATH\CodeIgniter.php(479): CodeIgniter\Filters\Filters->run('api/authors', 'before')
 5 SYSTEMPATH\CodeIgniter.php(354): CodeIgniter\CodeIgniter->handleRequest(null, Object(Config\Cache), false)
 6 SYSTEMPATH\Boot.php(334): CodeIgniter\CodeIgniter->run()
 7 SYSTEMPATH\Boot.php(67): CodeIgniter\Boot::runCodeIgniter(Object(CodeIgniter\CodeIgniter))
 8 FCPATH\index.php(59): CodeIgniter\Boot::bootWeb(Object(Config\Paths))
 9 SYSTEMPATH\rewrite.php(44): require_once('C:\\xampp\\htdocs\\spanijaskailgliemezis_backend\\public\\index.php')
CRITICAL - 2025-07-11 19:43:29 --> ErrorException: Undefined property: Config\CORS::$default
[Method: GET, Route: api/authors]
in SYSTEMPATH\HTTP\Cors.php on line 72.
 1 SYSTEMPATH\HTTP\Cors.php(72): CodeIgniter\Debug\Exceptions->errorHandler(2, 'Undefined property: Config\\CORS::$default', 'C:\\xampp\\htdocs\\spanijaskailgliemezis_backend\\system\\HTTP\\Cors.php', 72)
 2 SYSTEMPATH\Filters\Cors.php(94): CodeIgniter\HTTP\Cors::factory()
 3 SYSTEMPATH\Filters\Cors.php(59): CodeIgniter\Filters\Cors->createCorsService(null)
 4 SYSTEMPATH\Filters\Filters.php(241): CodeIgniter\Filters\Cors->before(Object(CodeIgniter\HTTP\IncomingRequest), null)
 5 SYSTEMPATH\Filters\Filters.php(221): CodeIgniter\Filters\Filters->runBefore([...])
 6 SYSTEMPATH\CodeIgniter.php(479): CodeIgniter\Filters\Filters->run('api/authors', 'before')
 7 SYSTEMPATH\CodeIgniter.php(354): CodeIgniter\CodeIgniter->handleRequest(null, Object(Config\Cache), false)
 8 SYSTEMPATH\Boot.php(334): CodeIgniter\CodeIgniter->run()
 9 SYSTEMPATH\Boot.php(67): CodeIgniter\Boot::runCodeIgniter(Object(CodeIgniter\CodeIgniter))
10 FCPATH\index.php(59): CodeIgniter\Boot::bootWeb(Object(Config\Paths))
11 SYSTEMPATH\rewrite.php(44): require_once('C:\\xampp\\htdocs\\spanijaskailgliemezis_backend\\public\\index.php')
WARNING - 2025-07-11 19:43:30 --> [DEPRECATED] Setting lowercase HTTP method key "get" is deprecated. Use uppercase HTTP method like "GET". in SYSTEMPATH\Filters\Filters.php on line 747.
 1 SYSTEMPATH\Filters\Filters.php(747): trigger_error('Setting lowercase HTTP method key "get" is deprecated. Use uppercase HTTP method like "GET".', 16384)
 2 SYSTEMPATH\Filters\Filters.php(475): CodeIgniter\Filters\Filters->processMethods()
 3 SYSTEMPATH\Filters\Filters.php(218): CodeIgniter\Filters\Filters->initialize('api/authors')
 4 SYSTEMPATH\CodeIgniter.php(479): CodeIgniter\Filters\Filters->run('api/authors', 'before')
 5 SYSTEMPATH\CodeIgniter.php(354): CodeIgniter\CodeIgniter->handleRequest(null, Object(Config\Cache), false)
 6 SYSTEMPATH\Boot.php(334): CodeIgniter\CodeIgniter->run()
 7 SYSTEMPATH\Boot.php(67): CodeIgniter\Boot::runCodeIgniter(Object(CodeIgniter\CodeIgniter))
 8 FCPATH\index.php(59): CodeIgniter\Boot::bootWeb(Object(Config\Paths))
 9 SYSTEMPATH\rewrite.php(44): require_once('C:\\xampp\\htdocs\\spanijaskailgliemezis_backend\\public\\index.php')
CRITICAL - 2025-07-11 19:43:30 --> ErrorException: Undefined property: Config\CORS::$default
[Method: GET, Route: api/authors]
in SYSTEMPATH\HTTP\Cors.php on line 72.
 1 SYSTEMPATH\HTTP\Cors.php(72): CodeIgniter\Debug\Exceptions->errorHandler(2, 'Undefined property: Config\\CORS::$default', 'C:\\xampp\\htdocs\\spanijaskailgliemezis_backend\\system\\HTTP\\Cors.php', 72)
 2 SYSTEMPATH\Filters\Cors.php(94): CodeIgniter\HTTP\Cors::factory()
 3 SYSTEMPATH\Filters\Cors.php(59): CodeIgniter\Filters\Cors->createCorsService(null)
 4 SYSTEMPATH\Filters\Filters.php(241): CodeIgniter\Filters\Cors->before(Object(CodeIgniter\HTTP\IncomingRequest), null)
 5 SYSTEMPATH\Filters\Filters.php(221): CodeIgniter\Filters\Filters->runBefore([...])
 6 SYSTEMPATH\CodeIgniter.php(479): CodeIgniter\Filters\Filters->run('api/authors', 'before')
 7 SYSTEMPATH\CodeIgniter.php(354): CodeIgniter\CodeIgniter->handleRequest(null, Object(Config\Cache), false)
 8 SYSTEMPATH\Boot.php(334): CodeIgniter\CodeIgniter->run()
 9 SYSTEMPATH\Boot.php(67): CodeIgniter\Boot::runCodeIgniter(Object(CodeIgniter\CodeIgniter))
10 FCPATH\index.php(59): CodeIgniter\Boot::bootWeb(Object(Config\Paths))
11 SYSTEMPATH\rewrite.php(44): require_once('C:\\xampp\\htdocs\\spanijaskailgliemezis_backend\\public\\index.php')
WARNING - 2025-07-11 19:43:34 --> [DEPRECATED] Setting lowercase HTTP method key "get" is deprecated. Use uppercase HTTP method like "GET". in SYSTEMPATH\Filters\Filters.php on line 747.
 1 SYSTEMPATH\Filters\Filters.php(747): trigger_error('Setting lowercase HTTP method key "get" is deprecated. Use uppercase HTTP method like "GET".', 16384)
 2 SYSTEMPATH\Filters\Filters.php(475): CodeIgniter\Filters\Filters->processMethods()
 3 SYSTEMPATH\Filters\Filters.php(218): CodeIgniter\Filters\Filters->initialize('api/authors')
 4 SYSTEMPATH\CodeIgniter.php(479): CodeIgniter\Filters\Filters->run('api/authors', 'before')
 5 SYSTEMPATH\CodeIgniter.php(354): CodeIgniter\CodeIgniter->handleRequest(null, Object(Config\Cache), false)
 6 SYSTEMPATH\Boot.php(334): CodeIgniter\CodeIgniter->run()
 7 SYSTEMPATH\Boot.php(67): CodeIgniter\Boot::runCodeIgniter(Object(CodeIgniter\CodeIgniter))
 8 FCPATH\index.php(59): CodeIgniter\Boot::bootWeb(Object(Config\Paths))
 9 SYSTEMPATH\rewrite.php(44): require_once('C:\\xampp\\htdocs\\spanijaskailgliemezis_backend\\public\\index.php')
CRITICAL - 2025-07-11 19:43:34 --> ErrorException: Undefined property: Config\CORS::$default
[Method: GET, Route: api/authors]
in SYSTEMPATH\HTTP\Cors.php on line 72.
 1 SYSTEMPATH\HTTP\Cors.php(72): CodeIgniter\Debug\Exceptions->errorHandler(2, 'Undefined property: Config\\CORS::$default', 'C:\\xampp\\htdocs\\spanijaskailgliemezis_backend\\system\\HTTP\\Cors.php', 72)
 2 SYSTEMPATH\Filters\Cors.php(94): CodeIgniter\HTTP\Cors::factory()
 3 SYSTEMPATH\Filters\Cors.php(59): CodeIgniter\Filters\Cors->createCorsService(null)
 4 SYSTEMPATH\Filters\Filters.php(241): CodeIgniter\Filters\Cors->before(Object(CodeIgniter\HTTP\IncomingRequest), null)
 5 SYSTEMPATH\Filters\Filters.php(221): CodeIgniter\Filters\Filters->runBefore([...])
 6 SYSTEMPATH\CodeIgniter.php(479): CodeIgniter\Filters\Filters->run('api/authors', 'before')
 7 SYSTEMPATH\CodeIgniter.php(354): CodeIgniter\CodeIgniter->handleRequest(null, Object(Config\Cache), false)
 8 SYSTEMPATH\Boot.php(334): CodeIgniter\CodeIgniter->run()
 9 SYSTEMPATH\Boot.php(67): CodeIgniter\Boot::runCodeIgniter(Object(CodeIgniter\CodeIgniter))
10 FCPATH\index.php(59): CodeIgniter\Boot::bootWeb(Object(Config\Paths))
11 SYSTEMPATH\rewrite.php(44): require_once('C:\\xampp\\htdocs\\spanijaskailgliemezis_backend\\public\\index.php')
WARNING - 2025-07-11 19:43:34 --> [DEPRECATED] Setting lowercase HTTP method key "get" is deprecated. Use uppercase HTTP method like "GET". in SYSTEMPATH\Filters\Filters.php on line 747.
 1 SYSTEMPATH\Filters\Filters.php(747): trigger_error('Setting lowercase HTTP method key "get" is deprecated. Use uppercase HTTP method like "GET".', 16384)
 2 SYSTEMPATH\Filters\Filters.php(475): CodeIgniter\Filters\Filters->processMethods()
 3 SYSTEMPATH\Filters\Filters.php(218): CodeIgniter\Filters\Filters->initialize('api/authors')
 4 SYSTEMPATH\CodeIgniter.php(479): CodeIgniter\Filters\Filters->run('api/authors', 'before')
 5 SYSTEMPATH\CodeIgniter.php(354): CodeIgniter\CodeIgniter->handleRequest(null, Object(Config\Cache), false)
 6 SYSTEMPATH\Boot.php(334): CodeIgniter\CodeIgniter->run()
 7 SYSTEMPATH\Boot.php(67): CodeIgniter\Boot::runCodeIgniter(Object(CodeIgniter\CodeIgniter))
 8 FCPATH\index.php(59): CodeIgniter\Boot::bootWeb(Object(Config\Paths))
 9 SYSTEMPATH\rewrite.php(44): require_once('C:\\xampp\\htdocs\\spanijaskailgliemezis_backend\\public\\index.php')
CRITICAL - 2025-07-11 19:43:34 --> ErrorException: Undefined property: Config\CORS::$default
[Method: GET, Route: api/authors]
in SYSTEMPATH\HTTP\Cors.php on line 72.
 1 SYSTEMPATH\HTTP\Cors.php(72): CodeIgniter\Debug\Exceptions->errorHandler(2, 'Undefined property: Config\\CORS::$default', 'C:\\xampp\\htdocs\\spanijaskailgliemezis_backend\\system\\HTTP\\Cors.php', 72)
 2 SYSTEMPATH\Filters\Cors.php(94): CodeIgniter\HTTP\Cors::factory()
 3 SYSTEMPATH\Filters\Cors.php(59): CodeIgniter\Filters\Cors->createCorsService(null)
 4 SYSTEMPATH\Filters\Filters.php(241): CodeIgniter\Filters\Cors->before(Object(CodeIgniter\HTTP\IncomingRequest), null)
 5 SYSTEMPATH\Filters\Filters.php(221): CodeIgniter\Filters\Filters->runBefore([...])
 6 SYSTEMPATH\CodeIgniter.php(479): CodeIgniter\Filters\Filters->run('api/authors', 'before')
 7 SYSTEMPATH\CodeIgniter.php(354): CodeIgniter\CodeIgniter->handleRequest(null, Object(Config\Cache), false)
 8 SYSTEMPATH\Boot.php(334): CodeIgniter\CodeIgniter->run()
 9 SYSTEMPATH\Boot.php(67): CodeIgniter\Boot::runCodeIgniter(Object(CodeIgniter\CodeIgniter))
10 FCPATH\index.php(59): CodeIgniter\Boot::bootWeb(Object(Config\Paths))
11 SYSTEMPATH\rewrite.php(44): require_once('C:\\xampp\\htdocs\\spanijaskailgliemezis_backend\\public\\index.php')
CRITICAL - 2025-07-11 20:15:40 --> CodeIgniter\Validation\Exceptions\ValidationException: "required_without_file" is not a valid rule.
[Method: POST, Route: api/videos]
in SYSTEMPATH\Validation\Validation.php on line 345.
 1 SYSTEMPATH\Validation\Validation.php(345): CodeIgniter\Validation\Exceptions\ValidationException::forRuleNotFound('required_without_file')
 2 SYSTEMPATH\Validation\Validation.php(201): CodeIgniter\Validation\Validation->processRules('videoLink', 'videoLink', 'https://www.youtube.com/oops', [...], [...], 'videoLink')
 3 SYSTEMPATH\Controller.php(138): CodeIgniter\Validation\Validation->run()
 4 APPPATH\Controllers\Api\Video.php(72): CodeIgniter\Controller->validate([...])
 5 SYSTEMPATH\CodeIgniter.php(933): App\Controllers\Api\Video->create()
 6 SYSTEMPATH\CodeIgniter.php(507): CodeIgniter\CodeIgniter->runController(Object(App\Controllers\Api\Video))
 7 SYSTEMPATH\CodeIgniter.php(354): CodeIgniter\CodeIgniter->handleRequest(null, Object(Config\Cache), false)
 8 SYSTEMPATH\Boot.php(334): CodeIgniter\CodeIgniter->run()
 9 SYSTEMPATH\Boot.php(67): CodeIgniter\Boot::runCodeIgniter(Object(CodeIgniter\CodeIgniter))
10 FCPATH\index.php(59): CodeIgniter\Boot::bootWeb(Object(Config\Paths))
11 SYSTEMPATH\rewrite.php(44): require_once('C:\\xampp\\htdocs\\spanijaskailgliemezis_backend\\public\\index.php')
CRITICAL - 2025-07-11 20:24:07 --> Error: Cannot use object of type stdClass as array
[Method: POST, Route: api/authors]
in APPPATH\Controllers\Api\Author.php on line 63.
 1 SYSTEMPATH\CodeIgniter.php(933): App\Controllers\Api\Author->create()
 2 SYSTEMPATH\CodeIgniter.php(507): CodeIgniter\CodeIgniter->runController(Object(App\Controllers\Api\Author))
 3 SYSTEMPATH\CodeIgniter.php(354): CodeIgniter\CodeIgniter->handleRequest(null, Object(Config\Cache), false)
 4 SYSTEMPATH\Boot.php(334): CodeIgniter\CodeIgniter->run()
 5 SYSTEMPATH\Boot.php(67): CodeIgniter\Boot::runCodeIgniter(Object(CodeIgniter\CodeIgniter))
 6 FCPATH\index.php(59): CodeIgniter\Boot::bootWeb(Object(Config\Paths))
 7 SYSTEMPATH\rewrite.php(44): require_once('C:\\xampp\\htdocs\\spanijaskailgliemezis_backend\\public\\index.php')
CRITICAL - 2025-07-11 20:42:50 --> Error: Cannot use object of type stdClass as array
[Method: POST, Route: api/authors]
in APPPATH\Controllers\Api\Author.php on line 63.
 1 SYSTEMPATH\CodeIgniter.php(933): App\Controllers\Api\Author->create()
 2 SYSTEMPATH\CodeIgniter.php(507): CodeIgniter\CodeIgniter->runController(Object(App\Controllers\Api\Author))
 3 SYSTEMPATH\CodeIgniter.php(354): CodeIgniter\CodeIgniter->handleRequest(null, Object(Config\Cache), false)
 4 SYSTEMPATH\Boot.php(334): CodeIgniter\CodeIgniter->run()
 5 SYSTEMPATH\Boot.php(67): CodeIgniter\Boot::runCodeIgniter(Object(CodeIgniter\CodeIgniter))
 6 FCPATH\index.php(59): CodeIgniter\Boot::bootWeb(Object(Config\Paths))
 7 SYSTEMPATH\rewrite.php(44): require_once('C:\\xampp\\htdocs\\spanijaskailgliemezis_backend\\public\\index.php')
CRITICAL - 2025-07-11 20:43:06 --> Error: Cannot use object of type stdClass as array
[Method: POST, Route: api/authors]
in APPPATH\Controllers\Api\Author.php on line 63.
 1 SYSTEMPATH\CodeIgniter.php(933): App\Controllers\Api\Author->create()
 2 SYSTEMPATH\CodeIgniter.php(507): CodeIgniter\CodeIgniter->runController(Object(App\Controllers\Api\Author))
 3 SYSTEMPATH\CodeIgniter.php(354): CodeIgniter\CodeIgniter->handleRequest(null, Object(Config\Cache), false)
 4 SYSTEMPATH\Boot.php(334): CodeIgniter\CodeIgniter->run()
 5 SYSTEMPATH\Boot.php(67): CodeIgniter\Boot::runCodeIgniter(Object(CodeIgniter\CodeIgniter))
 6 FCPATH\index.php(59): CodeIgniter\Boot::bootWeb(Object(Config\Paths))
 7 SYSTEMPATH\rewrite.php(44): require_once('C:\\xampp\\htdocs\\spanijaskailgliemezis_backend\\public\\index.php')
CRITICAL - 2025-07-11 20:54:11 --> ErrorException: Undefined array key "name"
[Method: POST, Route: api/authors]
in APPPATH\Controllers\Api\Author.php on line 40.
 1 APPPATH\Controllers\Api\Author.php(40): CodeIgniter\Debug\Exceptions->errorHandler(2, 'Undefined array key "name"', 'C:\\xampp\\htdocs\\spanijaskailgliemezis_backend\\app\\Controllers\\Api\\Author.php', 40)
 2 SYSTEMPATH\CodeIgniter.php(933): App\Controllers\Api\Author->create()
 3 SYSTEMPATH\CodeIgniter.php(507): CodeIgniter\CodeIgniter->runController(Object(App\Controllers\Api\Author))
 4 SYSTEMPATH\CodeIgniter.php(354): CodeIgniter\CodeIgniter->handleRequest(null, Object(Config\Cache), false)
 5 SYSTEMPATH\Boot.php(334): CodeIgniter\CodeIgniter->run()
 6 SYSTEMPATH\Boot.php(67): CodeIgniter\Boot::runCodeIgniter(Object(CodeIgniter\CodeIgniter))
 7 FCPATH\index.php(59): CodeIgniter\Boot::bootWeb(Object(Config\Paths))
 8 SYSTEMPATH\rewrite.php(44): require_once('C:\\xampp\\htdocs\\spanijaskailgliemezis_backend\\public\\index.php')
CRITICAL - 2025-07-11 20:57:02 --> ErrorException: Undefined array key "name"
[Method: POST, Route: api/authors]
in APPPATH\Controllers\Api\Author.php on line 40.
 1 APPPATH\Controllers\Api\Author.php(40): CodeIgniter\Debug\Exceptions->errorHandler(2, 'Undefined array key "name"', 'C:\\xampp\\htdocs\\spanijaskailgliemezis_backend\\app\\Controllers\\Api\\Author.php', 40)
 2 SYSTEMPATH\CodeIgniter.php(933): App\Controllers\Api\Author->create()
 3 SYSTEMPATH\CodeIgniter.php(507): CodeIgniter\CodeIgniter->runController(Object(App\Controllers\Api\Author))
 4 SYSTEMPATH\CodeIgniter.php(354): CodeIgniter\CodeIgniter->handleRequest(null, Object(Config\Cache), false)
 5 SYSTEMPATH\Boot.php(334): CodeIgniter\CodeIgniter->run()
 6 SYSTEMPATH\Boot.php(67): CodeIgniter\Boot::runCodeIgniter(Object(CodeIgniter\CodeIgniter))
 7 FCPATH\index.php(59): CodeIgniter\Boot::bootWeb(Object(Config\Paths))
 8 SYSTEMPATH\rewrite.php(44): require_once('C:\\xampp\\htdocs\\spanijaskailgliemezis_backend\\public\\index.php')
CRITICAL - 2025-07-11 21:01:03 --> ErrorException: Undefined array key "name"
[Method: POST, Route: api/authors]
in APPPATH\Controllers\Api\Author.php on line 40.
 1 APPPATH\Controllers\Api\Author.php(40): CodeIgniter\Debug\Exceptions->errorHandler(2, 'Undefined array key "name"', 'C:\\xampp\\htdocs\\spanijaskailgliemezis_backend\\app\\Controllers\\Api\\Author.php', 40)
 2 SYSTEMPATH\CodeIgniter.php(933): App\Controllers\Api\Author->create()
 3 SYSTEMPATH\CodeIgniter.php(507): CodeIgniter\CodeIgniter->runController(Object(App\Controllers\Api\Author))
 4 SYSTEMPATH\CodeIgniter.php(354): CodeIgniter\CodeIgniter->handleRequest(null, Object(Config\Cache), false)
 5 SYSTEMPATH\Boot.php(334): CodeIgniter\CodeIgniter->run()
 6 SYSTEMPATH\Boot.php(67): CodeIgniter\Boot::runCodeIgniter(Object(CodeIgniter\CodeIgniter))
 7 FCPATH\index.php(59): CodeIgniter\Boot::bootWeb(Object(Config\Paths))
 8 SYSTEMPATH\rewrite.php(44): require_once('C:\\xampp\\htdocs\\spanijaskailgliemezis_backend\\public\\index.php')
CRITICAL - 2025-07-11 21:12:22 --> CodeIgniter\Database\Exceptions\DataException: There is no data to insert.
[Method: POST, Route: api/themes]
in SYSTEMPATH\BaseModel.php on line 1834.
 1 SYSTEMPATH\BaseModel.php(1834): CodeIgniter\Database\Exceptions\DataException::forEmptyDataset('insert')
 2 SYSTEMPATH\BaseModel.php(809): CodeIgniter\BaseModel->transformDataToArray([], 'insert')
 3 SYSTEMPATH\Model.php(800): CodeIgniter\BaseModel->insert([], true)
 4 APPPATH\Controllers\Api\Theme.php(31): CodeIgniter\Model->insert([])
 5 SYSTEMPATH\CodeIgniter.php(933): App\Controllers\Api\Theme->create()
 6 SYSTEMPATH\CodeIgniter.php(507): CodeIgniter\CodeIgniter->runController(Object(App\Controllers\Api\Theme))
 7 SYSTEMPATH\CodeIgniter.php(354): CodeIgniter\CodeIgniter->handleRequest(null, Object(Config\Cache), false)
 8 SYSTEMPATH\Boot.php(334): CodeIgniter\CodeIgniter->run()
 9 SYSTEMPATH\Boot.php(67): CodeIgniter\Boot::runCodeIgniter(Object(CodeIgniter\CodeIgniter))
10 FCPATH\index.php(59): CodeIgniter\Boot::bootWeb(Object(Config\Paths))
11 SYSTEMPATH\rewrite.php(44): require_once('C:\\xampp\\htdocs\\spanijaskailgliemezis_backend\\public\\index.php')
CRITICAL - 2025-07-11 21:13:37 --> ErrorException: Undefined array key "authorId"
[Method: POST, Route: api/articles]
in APPPATH\Controllers\Api\Article.php on line 43.
 1 APPPATH\Controllers\Api\Article.php(43): CodeIgniter\Debug\Exceptions->errorHandler(2, 'Undefined array key "authorId"', 'C:\\xampp\\htdocs\\spanijaskailgliemezis_backend\\app\\Controllers\\Api\\Article.php', 43)
 2 SYSTEMPATH\CodeIgniter.php(933): App\Controllers\Api\Article->create()
 3 SYSTEMPATH\CodeIgniter.php(507): CodeIgniter\CodeIgniter->runController(Object(App\Controllers\Api\Article))
 4 SYSTEMPATH\CodeIgniter.php(354): CodeIgniter\CodeIgniter->handleRequest(null, Object(Config\Cache), false)
 5 SYSTEMPATH\Boot.php(334): CodeIgniter\CodeIgniter->run()
 6 SYSTEMPATH\Boot.php(67): CodeIgniter\Boot::runCodeIgniter(Object(CodeIgniter\CodeIgniter))
 7 FCPATH\index.php(59): CodeIgniter\Boot::bootWeb(Object(Config\Paths))
 8 SYSTEMPATH\rewrite.php(44): require_once('C:\\xampp\\htdocs\\spanijaskailgliemezis_backend\\public\\index.php')
CRITICAL - 2025-07-11 21:14:35 --> ParseError: syntax error, unexpected token "catch", expecting "function" or "const"
[Method: GET, Route: api/cards]
in APPPATH\Controllers\Api\Card.php on line 179.
 1 SYSTEMPATH\Autoloader\Autoloader.php(295): CodeIgniter\Autoloader\Autoloader->includeFile('C:\\xampp\\htdocs\\spanijaskailgliemezis_backend\\app\\Controllers\\Api\\Card.php')
 2 SYSTEMPATH\Autoloader\Autoloader.php(271): CodeIgniter\Autoloader\Autoloader->loadInNamespace('App\\Controllers\\Api\\Card')
 3 [internal function]: CodeIgniter\Autoloader\Autoloader->loadClass('App\\Controllers\\Api\\Card')
 4 SYSTEMPATH\CodeIgniter.php(885): class_exists('\\App\\Controllers\\Api\\Card', true)
 5 SYSTEMPATH\CodeIgniter.php(494): CodeIgniter\CodeIgniter->startController()
 6 SYSTEMPATH\CodeIgniter.php(354): CodeIgniter\CodeIgniter->handleRequest(null, Object(Config\Cache), false)
 7 SYSTEMPATH\Boot.php(334): CodeIgniter\CodeIgniter->run()
 8 SYSTEMPATH\Boot.php(67): CodeIgniter\Boot::runCodeIgniter(Object(CodeIgniter\CodeIgniter))
 9 FCPATH\index.php(59): CodeIgniter\Boot::bootWeb(Object(Config\Paths))
10 SYSTEMPATH\rewrite.php(44): require_once('C:\\xampp\\htdocs\\spanijaskailgliemezis_backend\\public\\index.php')
CRITICAL - 2025-07-11 21:14:35 --> ParseError: syntax error, unexpected token "catch", expecting "function" or "const"
[Method: GET, Route: api/cards]
in APPPATH\Controllers\Api\Card.php on line 179.
 1 SYSTEMPATH\Autoloader\Autoloader.php(295): CodeIgniter\Autoloader\Autoloader->includeFile('C:\\xampp\\htdocs\\spanijaskailgliemezis_backend\\app\\Controllers\\Api\\Card.php')
 2 SYSTEMPATH\Autoloader\Autoloader.php(271): CodeIgniter\Autoloader\Autoloader->loadInNamespace('App\\Controllers\\Api\\Card')
 3 [internal function]: CodeIgniter\Autoloader\Autoloader->loadClass('App\\Controllers\\Api\\Card')
 4 SYSTEMPATH\CodeIgniter.php(885): class_exists('\\App\\Controllers\\Api\\Card', true)
 5 SYSTEMPATH\CodeIgniter.php(494): CodeIgniter\CodeIgniter->startController()
 6 SYSTEMPATH\CodeIgniter.php(354): CodeIgniter\CodeIgniter->handleRequest(null, Object(Config\Cache), false)
 7 SYSTEMPATH\Boot.php(334): CodeIgniter\CodeIgniter->run()
 8 SYSTEMPATH\Boot.php(67): CodeIgniter\Boot::runCodeIgniter(Object(CodeIgniter\CodeIgniter))
 9 FCPATH\index.php(59): CodeIgniter\Boot::bootWeb(Object(Config\Paths))
10 SYSTEMPATH\rewrite.php(44): require_once('C:\\xampp\\htdocs\\spanijaskailgliemezis_backend\\public\\index.php')
CRITICAL - 2025-07-11 21:14:45 --> ParseError: syntax error, unexpected token "catch", expecting "function" or "const"
[Method: GET, Route: api/cards]
in APPPATH\Controllers\Api\Card.php on line 179.
 1 SYSTEMPATH\Autoloader\Autoloader.php(295): CodeIgniter\Autoloader\Autoloader->includeFile('C:\\xampp\\htdocs\\spanijaskailgliemezis_backend\\app\\Controllers\\Api\\Card.php')
 2 SYSTEMPATH\Autoloader\Autoloader.php(271): CodeIgniter\Autoloader\Autoloader->loadInNamespace('App\\Controllers\\Api\\Card')
 3 [internal function]: CodeIgniter\Autoloader\Autoloader->loadClass('App\\Controllers\\Api\\Card')
 4 SYSTEMPATH\CodeIgniter.php(885): class_exists('\\App\\Controllers\\Api\\Card', true)
 5 SYSTEMPATH\CodeIgniter.php(494): CodeIgniter\CodeIgniter->startController()
 6 SYSTEMPATH\CodeIgniter.php(354): CodeIgniter\CodeIgniter->handleRequest(null, Object(Config\Cache), false)
 7 SYSTEMPATH\Boot.php(334): CodeIgniter\CodeIgniter->run()
 8 SYSTEMPATH\Boot.php(67): CodeIgniter\Boot::runCodeIgniter(Object(CodeIgniter\CodeIgniter))
 9 FCPATH\index.php(59): CodeIgniter\Boot::bootWeb(Object(Config\Paths))
10 SYSTEMPATH\rewrite.php(44): require_once('C:\\xampp\\htdocs\\spanijaskailgliemezis_backend\\public\\index.php')
CRITICAL - 2025-07-11 21:14:45 --> ParseError: syntax error, unexpected token "catch", expecting "function" or "const"
[Method: GET, Route: api/cards]
in APPPATH\Controllers\Api\Card.php on line 179.
 1 SYSTEMPATH\Autoloader\Autoloader.php(295): CodeIgniter\Autoloader\Autoloader->includeFile('C:\\xampp\\htdocs\\spanijaskailgliemezis_backend\\app\\Controllers\\Api\\Card.php')
 2 SYSTEMPATH\Autoloader\Autoloader.php(271): CodeIgniter\Autoloader\Autoloader->loadInNamespace('App\\Controllers\\Api\\Card')
 3 [internal function]: CodeIgniter\Autoloader\Autoloader->loadClass('App\\Controllers\\Api\\Card')
 4 SYSTEMPATH\CodeIgniter.php(885): class_exists('\\App\\Controllers\\Api\\Card', true)
 5 SYSTEMPATH\CodeIgniter.php(494): CodeIgniter\CodeIgniter->startController()
 6 SYSTEMPATH\CodeIgniter.php(354): CodeIgniter\CodeIgniter->handleRequest(null, Object(Config\Cache), false)
 7 SYSTEMPATH\Boot.php(334): CodeIgniter\CodeIgniter->run()
 8 SYSTEMPATH\Boot.php(67): CodeIgniter\Boot::runCodeIgniter(Object(CodeIgniter\CodeIgniter))
 9 FCPATH\index.php(59): CodeIgniter\Boot::bootWeb(Object(Config\Paths))
10 SYSTEMPATH\rewrite.php(44): require_once('C:\\xampp\\htdocs\\spanijaskailgliemezis_backend\\public\\index.php')
CRITICAL - 2025-07-11 21:31:16 --> Error: Call to a member function getFile() on array
[Method: POST, Route: api/cards]
in APPPATH\Controllers\Api\Card.php on line 72.
 1 SYSTEMPATH\CodeIgniter.php(933): App\Controllers\Api\Card->create()
 2 SYSTEMPATH\CodeIgniter.php(507): CodeIgniter\CodeIgniter->runController(Object(App\Controllers\Api\Card))
 3 SYSTEMPATH\CodeIgniter.php(354): CodeIgniter\CodeIgniter->handleRequest(null, Object(Config\Cache), false)
 4 SYSTEMPATH\Boot.php(334): CodeIgniter\CodeIgniter->run()
 5 SYSTEMPATH\Boot.php(67): CodeIgniter\Boot::runCodeIgniter(Object(CodeIgniter\CodeIgniter))
 6 FCPATH\index.php(59): CodeIgniter\Boot::bootWeb(Object(Config\Paths))
 7 SYSTEMPATH\rewrite.php(44): require_once('C:\\xampp\\htdocs\\spanijaskailgliemezis_backend\\public\\index.php')
CRITICAL - 2025-07-11 21:32:31 --> Error: Call to a member function getFile() on array
[Method: POST, Route: api/cards]
in APPPATH\Controllers\Api\Card.php on line 72.
 1 SYSTEMPATH\CodeIgniter.php(933): App\Controllers\Api\Card->create()
 2 SYSTEMPATH\CodeIgniter.php(507): CodeIgniter\CodeIgniter->runController(Object(App\Controllers\Api\Card))
 3 SYSTEMPATH\CodeIgniter.php(354): CodeIgniter\CodeIgniter->handleRequest(null, Object(Config\Cache), false)
 4 SYSTEMPATH\Boot.php(334): CodeIgniter\CodeIgniter->run()
 5 SYSTEMPATH\Boot.php(67): CodeIgniter\Boot::runCodeIgniter(Object(CodeIgniter\CodeIgniter))
 6 FCPATH\index.php(59): CodeIgniter\Boot::bootWeb(Object(Config\Paths))
 7 SYSTEMPATH\rewrite.php(44): require_once('C:\\xampp\\htdocs\\spanijaskailgliemezis_backend\\public\\index.php')
CRITICAL - 2025-07-11 21:37:55 --> ErrorException: Undefined array key "authorId"
[Method: PUT, Route: api/videos/1]
in APPPATH\Controllers\Api\Video.php on line 145.
 1 APPPATH\Controllers\Api\Video.php(145): CodeIgniter\Debug\Exceptions->errorHandler(2, 'Undefined array key "authorId"', 'C:\\xampp\\htdocs\\spanijaskailgliemezis_backend\\app\\Controllers\\Api\\Video.php', 145)
 2 SYSTEMPATH\CodeIgniter.php(933): App\Controllers\Api\Video->update('1')
 3 SYSTEMPATH\CodeIgniter.php(507): CodeIgniter\CodeIgniter->runController(Object(App\Controllers\Api\Video))
 4 SYSTEMPATH\CodeIgniter.php(354): CodeIgniter\CodeIgniter->handleRequest(null, Object(Config\Cache), false)
 5 SYSTEMPATH\Boot.php(334): CodeIgniter\CodeIgniter->run()
 6 SYSTEMPATH\Boot.php(67): CodeIgniter\Boot::runCodeIgniter(Object(CodeIgniter\CodeIgniter))
 7 FCPATH\index.php(59): CodeIgniter\Boot::bootWeb(Object(Config\Paths))
 8 SYSTEMPATH\rewrite.php(44): require_once('C:\\xampp\\htdocs\\spanijaskailgliemezis_backend\\public\\index.php')
CRITICAL - 2025-07-11 21:38:46 --> Error: Call to undefined function App\Controllers\Api\delete_file_by_url()
[Method: DELETE, Route: api/videos/1]
in APPPATH\Controllers\Api\Video.php on line 244.
 1 SYSTEMPATH\CodeIgniter.php(933): App\Controllers\Api\Video->delete('1')
 2 SYSTEMPATH\CodeIgniter.php(507): CodeIgniter\CodeIgniter->runController(Object(App\Controllers\Api\Video))
 3 SYSTEMPATH\CodeIgniter.php(354): CodeIgniter\CodeIgniter->handleRequest(null, Object(Config\Cache), false)
 4 SYSTEMPATH\Boot.php(334): CodeIgniter\CodeIgniter->run()
 5 SYSTEMPATH\Boot.php(67): CodeIgniter\Boot::runCodeIgniter(Object(CodeIgniter\CodeIgniter))
 6 FCPATH\index.php(59): CodeIgniter\Boot::bootWeb(Object(Config\Paths))
 7 SYSTEMPATH\rewrite.php(44): require_once('C:\\xampp\\htdocs\\spanijaskailgliemezis_backend\\public\\index.php')
